2025-06-15 03:05:00,306 [ERROR] LogOutputStream:75 - [STDERR_REDIRECT] 
2025-06-15 15:13:08,972 [INFO] Activator:176 - 


2025-06-15 15:13:08,975 [INFO] Activator:177 - !SESSION log4j initialized
2025-06-15 15:13:19,462 [INFO] LogOutputStream:77 - [STDOUT_REDIRECT] 
2025-06-15 15:13:26,590 [INFO] ApplicationProperties:184 - Using Application install path: C:\ST\STM32CubeIDE_1.17.0\STM32CubeIDE\plugins\com.st.stm32cube.common.mx_6.13.0.202411220809
2025-06-15 15:13:26,619 [INFO] DbMcusXml:78 - Set database path to: C:\ST\STM32CubeIDE_1.17.0\STM32CubeIDE\plugins\com.st.stm32cube.common.mx_6.13.0.202411220809\\db\/mcu/
2025-06-15 15:13:26,620 [INFO] ApiDb:274 - Set plugin database path to: C:\ST\STM32CubeIDE_1.17.0\STM32CubeIDE\plugins\com.st.stm32cube.common.mx_6.13.0.202411220809\\db\/plugins/boardmanager/
2025-06-15 15:13:26,621 [WARN] ApiDb:259 - Overriding images path with different value:  => C:\ST\STM32CubeIDE_1.17.0\STM32CubeIDE\plugins\com.st.stm32cube.common.mx_6.13.0.202411220809\\db\/plugins/mcufinder/images/
2025-06-15 15:13:26,633 [INFO] ApiDb:250 - Set database path to: C:\Users\User\.stmcufinder\plugins\mcufinder//mcu/
2025-06-15 15:13:26,635 [INFO] DbMcusAds:125 - Set database path to: C:\Users\User\.stmcufinder\plugins\mcufinder//mcu/
2025-06-15 15:13:26,640 [INFO] CrossReferenceDbSqlite:203 - Set database path to: C:\Users\User\.stmcufinder\plugins\mcufinder//mcu/cs/
2025-06-15 15:13:26,830 [INFO] RulesReader:64 - Compatibility file has been processed (297 Rules)
2025-06-15 15:13:26,941 [INFO] DbMcusXml:78 - Set database path to: C:\ST\STM32CubeIDE_1.17.0\STM32CubeIDE\plugins\com.st.stm32cube.common.mx_6.13.0.202411220809\\db\/mcu/
2025-06-15 15:13:26,941 [INFO] ApiDb:274 - Set plugin database path to: C:\ST\STM32CubeIDE_1.17.0\STM32CubeIDE\plugins\com.st.stm32cube.common.mx_6.13.0.202411220809\\db\/plugins/boardmanager/
2025-06-15 15:13:26,941 [INFO] ApiDb:261 - Set plugin images path to: C:\ST\STM32CubeIDE_1.17.0\STM32CubeIDE\plugins\com.st.stm32cube.common.mx_6.13.0.202411220809\\db\/plugins/mcufinder/images/
2025-06-15 15:13:26,942 [WARN] DbFile:41 - Overriding database path with different value: C:\Users\User\.stmcufinder\plugins\mcufinder/ => C:\Users\User\.stmcufinder\plugins\mcufinder
2025-06-15 15:13:26,942 [INFO] ApiDb:250 - Set database path to: C:\Users\User\.stmcufinder\plugins\mcufinder//mcu/
2025-06-15 15:13:26,942 [WARN] DbFile:41 - Overriding database path with different value: C:\Users\User\.stmcufinder\plugins\mcufinder/ => C:\Users\User\.stmcufinder\plugins\mcufinder
2025-06-15 15:13:26,942 [INFO] DbMcusAds:125 - Set database path to: C:\Users\User\.stmcufinder\plugins\mcufinder//mcu/
2025-06-15 15:13:26,942 [WARN] DbFile:41 - Overriding database path with different value: C:\Users\User\.stmcufinder\plugins\mcufinder/ => C:\Users\User\.stmcufinder\plugins\mcufinder
2025-06-15 15:13:26,942 [WARN] DbFile:41 - Overriding database path with different value: C:\Users\User\.stmcufinder\plugins\mcufinder/ => C:\Users\User\.stmcufinder\plugins\mcufinder
2025-06-15 15:13:26,942 [INFO] CrossReferenceDbSqlite:203 - Set database path to: C:\Users\User\.stmcufinder\plugins\mcufinder//mcu/cs/
2025-06-15 15:13:27,046 [INFO] MainPanel:272 - HeapMemory: 268435456
2025-06-15 15:13:27,195 [INFO] DbMcusXml:78 - Set database path to: C:\ST\STM32CubeIDE_1.17.0\STM32CubeIDE\plugins\com.st.stm32cube.common.mx_6.13.0.202411220809\\db\/mcu/
2025-06-15 15:13:27,195 [INFO] ApiDb:274 - Set plugin database path to: C:\ST\STM32CubeIDE_1.17.0\STM32CubeIDE\plugins\com.st.stm32cube.common.mx_6.13.0.202411220809\\db\/plugins/boardmanager/
2025-06-15 15:13:27,195 [INFO] ApiDb:261 - Set plugin images path to: C:\ST\STM32CubeIDE_1.17.0\STM32CubeIDE\plugins\com.st.stm32cube.common.mx_6.13.0.202411220809\\db\/plugins/mcufinder/images/
2025-06-15 15:13:27,195 [WARN] DbFile:41 - Overriding database path with different value: C:\Users\User\.stmcufinder\plugins\mcufinder/ => C:\Users\User\.stmcufinder\plugins\mcufinder
2025-06-15 15:13:27,196 [INFO] ApiDb:250 - Set database path to: C:\Users\User\.stmcufinder\plugins\mcufinder//mcu/
2025-06-15 15:13:27,196 [WARN] DbFile:41 - Overriding database path with different value: C:\Users\User\.stmcufinder\plugins\mcufinder/ => C:\Users\User\.stmcufinder\plugins\mcufinder
2025-06-15 15:13:27,196 [INFO] DbMcusAds:125 - Set database path to: C:\Users\User\.stmcufinder\plugins\mcufinder//mcu/
2025-06-15 15:13:27,196 [WARN] DbFile:41 - Overriding database path with different value: C:\Users\User\.stmcufinder\plugins\mcufinder/ => C:\Users\User\.stmcufinder\plugins\mcufinder
2025-06-15 15:13:27,196 [WARN] DbFile:41 - Overriding database path with different value: C:\Users\User\.stmcufinder\plugins\mcufinder/ => C:\Users\User\.stmcufinder\plugins\mcufinder
2025-06-15 15:13:27,196 [INFO] CrossReferenceDbSqlite:203 - Set database path to: C:\Users\User\.stmcufinder\plugins\mcufinder//mcu/cs/
2025-06-15 15:13:27,219 [INFO] ApplicationProperties:184 - Using Application install path: C:\ST\STM32CubeIDE_1.17.0\STM32CubeIDE\plugins\com.st.stm32cube.common.mx_6.13.0.202411220809
2025-06-15 15:13:27,220 [INFO] PluginManage:196 - Search for loadable plugins [exclusion list=, ]
2025-06-15 15:13:27,223 [INFO] PluginManage:310 - Check plugin analytics
2025-06-15 15:13:32,023 [INFO] AnalyticsPlugin:253 - Accepted Software Licenses: 
2025-06-15 15:13:32,023 [INFO] AnalyticsPlugin:255 - Accepted CMSIS Pack Licenses: 
2025-06-15 15:13:32,024 [INFO] AnalyticsPlugin:257 - Accepted Firmware Licenses: FW.F4.1.28.0
2025-06-15 15:13:32,028 [INFO] PluginManage:359 - Loaded plugin analytics (category:tool,tabindex:-1)
2025-06-15 15:13:32,028 [INFO] PluginManage:310 - Check plugin cadmodel
2025-06-15 15:13:32,051 [INFO] CADModel:105 - Init CAD model plugin
2025-06-15 15:13:32,051 [INFO] PluginManage:359 - Loaded plugin cadmodel (category:power,tabindex:5)
2025-06-15 15:13:32,051 [INFO] PluginManage:310 - Check plugin clock
2025-06-15 15:13:32,076 [INFO] PluginManage:359 - Loaded plugin clock (category:base,tabindex:2)
2025-06-15 15:13:32,076 [INFO] PluginManage:310 - Check plugin ddr
2025-06-15 15:13:32,080 [INFO] PluginManage:359 - Loaded plugin ddr (category:tool,tabindex:6)
2025-06-15 15:13:32,080 [INFO] PluginManage:310 - Check plugin filemanager
2025-06-15 15:13:32,260 [INFO] PluginManage:359 - Loaded plugin filemanager (category:base,tabindex:10)
2025-06-15 15:13:32,260 [INFO] PluginManage:310 - Check plugin ipmanager
2025-06-15 15:13:32,270 [INFO] PluginManage:359 - Loaded plugin ipmanager (category:base,tabindex:5)
2025-06-15 15:13:32,270 [INFO] PluginManage:310 - Check plugin lpbam
2025-06-15 15:13:32,297 [INFO] PluginManage:359 - Loaded plugin lpbam (category:base,tabindex:0)
2025-06-15 15:13:32,297 [INFO] PluginManage:310 - Check plugin memorymap
2025-06-15 15:13:32,341 [INFO] PluginManage:359 - Loaded plugin memorymap (category:base,tabindex:4)
2025-06-15 15:13:32,341 [INFO] PluginManage:310 - Check plugin pinoutandconfiguration
2025-06-15 15:13:32,366 [INFO] PluginManage:359 - Loaded plugin pinoutandconfiguration (category:base,tabindex:1)
2025-06-15 15:13:32,366 [INFO] PluginManage:310 - Check plugin pinoutconfig
2025-06-15 15:13:32,499 [WARN] SupportedApi:132 - Cannot load RTOS API schema: s4s-elt-must-match.1: The content of 'definitions' must match (annotation?, (simpleType | complexType)?, (unique | key | keyref)*)). A problem was found starting at: attribute.
2025-06-15 15:13:32,732 [INFO] PluginManage:359 - Loaded plugin pinoutconfig (category:base,tabindex:0)
2025-06-15 15:13:32,732 [INFO] PluginManage:310 - Check plugin power
2025-06-15 15:13:32,765 [INFO] PluginManage:359 - Loaded plugin power (category:power,tabindex:4)
2025-06-15 15:13:32,765 [INFO] PluginManage:310 - Check plugin projectmanager
2025-06-15 15:13:32,789 [INFO] PluginManage:359 - Loaded plugin projectmanager (category:projectmanager,tabindex:4)
2025-06-15 15:13:32,789 [INFO] PluginManage:310 - Check plugin rif
2025-06-15 15:13:32,822 [INFO] PluginManage:359 - Loaded plugin rif (category:base,tabindex:3)
2025-06-15 15:13:32,823 [INFO] PluginManage:310 - Check plugin thirdparty
2025-06-15 15:13:33,271 [INFO] PluginManage:359 - Loaded plugin thirdparty (category:base,tabindex:-1)
2025-06-15 15:13:33,271 [INFO] PluginManage:310 - Check plugin tools
2025-06-15 15:13:33,270 [WARN] IntegrityCheckThread:84 - waiting for thirdparty lock release [integrity check]
2025-06-15 15:13:33,271 [INFO] IntegrityCheckThread:86 - entering critical section [integrity check]
2025-06-15 15:13:33,274 [INFO] ThirdPartyUpdaterWithRetryManager:70 - Updater plugin not ready yet. [1/15]
2025-06-15 15:13:33,327 [INFO] PluginManage:359 - Loaded plugin tools (category:base,tabindex:7)
2025-06-15 15:13:33,327 [INFO] PluginManage:310 - Check plugin tutovideos
2025-06-15 15:13:33,592 [INFO] PluginManage:359 - Loaded plugin tutovideos (category:base,tabindex:-1)
2025-06-15 15:13:33,592 [INFO] PluginManage:310 - Check plugin updater
2025-06-15 15:13:33,622 [INFO] PluginManage:359 - Loaded plugin updater (category:base,tabindex:12)
2025-06-15 15:13:33,622 [INFO] PluginManage:310 - Check plugin userauth
2025-06-15 15:13:33,628 [INFO] UserAuth:118 - Init User Auth plugin
2025-06-15 15:13:33,629 [INFO] PluginManage:359 - Loaded plugin userauth (category:base,tabindex:14)
2025-06-15 15:13:33,630 [INFO] PluginManage:283 - PluginManage : Loaded plugins [18]
2025-06-15 15:13:33,904 [INFO] PinOutPanel:1589 - setPackage(No Configuration,No Configuration)
2025-06-15 15:13:34,021 [INFO] CADModel:165 - CPN selected for project level
2025-06-15 15:13:34,021 [INFO] CADModel:114 - Register for checkConnection events
2025-06-15 15:13:34,059 [INFO] IPUIPlugin:80 - create IPUIPlugin
2025-06-15 15:13:34,059 [INFO] PluginManager:220 - loadIPPluginJar : add adc
2025-06-15 15:13:34,118 [INFO] IPUIPlugin:80 - create IPUIPlugin
2025-06-15 15:13:34,118 [INFO] PluginManager:220 - loadIPPluginJar : add aes
2025-06-15 15:13:34,183 [INFO] IPUIPlugin:80 - create IPUIPlugin
2025-06-15 15:13:34,183 [INFO] PluginManager:220 - loadIPPluginJar : add can
2025-06-15 15:13:34,224 [INFO] IPUIPlugin:80 - create IPUIPlugin
2025-06-15 15:13:34,224 [INFO] PluginManager:220 - loadIPPluginJar : add comp
2025-06-15 15:13:34,278 [INFO] IPUIPlugin:80 - create IPUIPlugin
2025-06-15 15:13:34,279 [INFO] PluginManager:220 - loadIPPluginJar : add cryp
2025-06-15 15:13:34,298 [INFO] IPUIPlugin:80 - create IPUIPlugin
2025-06-15 15:13:34,298 [INFO] PluginManager:220 - loadIPPluginJar : add ddr_ctrl_phy
2025-06-15 15:13:34,344 [INFO] IPUIPlugin:80 - create IPUIPlugin
2025-06-15 15:13:34,344 [INFO] PluginManager:220 - loadIPPluginJar : add dfsdm
2025-06-15 15:13:34,363 [INFO] IPUIPlugin:80 - create IPUIPlugin
2025-06-15 15:13:34,363 [INFO] PluginManager:220 - loadIPPluginJar : add dma
2025-06-15 15:13:34,421 [INFO] IPUIPlugin:80 - create IPUIPlugin
2025-06-15 15:13:34,421 [INFO] PluginManager:220 - loadIPPluginJar : add dma3
2025-06-15 15:13:34,488 [INFO] IPUIPlugin:80 - create IPUIPlugin
2025-06-15 15:13:34,488 [INFO] PluginManager:220 - loadIPPluginJar : add extmemmanager
2025-06-15 15:13:34,530 [INFO] IPUIPlugin:80 - create IPUIPlugin
2025-06-15 15:13:34,530 [INFO] PluginManager:220 - loadIPPluginJar : add fatfs
2025-06-15 15:13:34,597 [INFO] IPUIPlugin:80 - create IPUIPlugin
2025-06-15 15:13:34,598 [INFO] PluginManager:220 - loadIPPluginJar : add fmc
2025-06-15 15:13:34,617 [INFO] IPUIPlugin:80 - create IPUIPlugin
2025-06-15 15:13:34,618 [INFO] PluginManager:220 - loadIPPluginJar : add freertos
2025-06-15 15:13:34,650 [INFO] IPUIPlugin:80 - create IPUIPlugin
2025-06-15 15:13:34,650 [INFO] PluginManager:220 - loadIPPluginJar : add genericplugin
2025-06-15 15:13:34,805 [INFO] IPUIPlugin:80 - create IPUIPlugin
2025-06-15 15:13:34,805 [INFO] PluginManager:220 - loadIPPluginJar : add gfxmmu
2025-06-15 15:13:35,004 [INFO] IPUIPlugin:80 - create IPUIPlugin
2025-06-15 15:13:35,004 [INFO] PluginManager:220 - loadIPPluginJar : add gic
2025-06-15 15:13:35,023 [INFO] IPUIPlugin:80 - create IPUIPlugin
2025-06-15 15:13:35,023 [INFO] PluginManager:220 - loadIPPluginJar : add gpio
2025-06-15 15:13:35,156 [INFO] IPUIPlugin:80 - create IPUIPlugin
2025-06-15 15:13:35,157 [INFO] PluginManager:220 - loadIPPluginJar : add gtzc
2025-06-15 15:13:35,216 [INFO] IPUIPlugin:80 - create IPUIPlugin
2025-06-15 15:13:35,216 [INFO] PluginManager:220 - loadIPPluginJar : add hash
2025-06-15 15:13:35,304 [INFO] IPUIPlugin:80 - create IPUIPlugin
2025-06-15 15:13:35,305 [INFO] PluginManager:220 - loadIPPluginJar : add i2c
2025-06-15 15:13:35,363 [INFO] IPUIPlugin:80 - create IPUIPlugin
2025-06-15 15:13:35,363 [INFO] PluginManager:220 - loadIPPluginJar : add i2s
2025-06-15 15:13:35,424 [INFO] IPUIPlugin:80 - create IPUIPlugin
2025-06-15 15:13:35,424 [INFO] PluginManager:220 - loadIPPluginJar : add i3c
2025-06-15 15:13:35,587 [INFO] IPUIPlugin:80 - create IPUIPlugin
2025-06-15 15:13:35,587 [INFO] PluginManager:220 - loadIPPluginJar : add ipddr
2025-06-15 15:13:35,731 [INFO] IPUIPlugin:80 - create IPUIPlugin
2025-06-15 15:13:35,731 [INFO] PluginManager:220 - loadIPPluginJar : add linkedlist
2025-06-15 15:13:35,785 [INFO] IPUIPlugin:80 - create IPUIPlugin
2025-06-15 15:13:35,785 [INFO] PluginManager:220 - loadIPPluginJar : add lorawan
2025-06-15 15:13:35,842 [INFO] IPUIPlugin:80 - create IPUIPlugin
2025-06-15 15:13:35,842 [INFO] PluginManager:220 - loadIPPluginJar : add ltdc
2025-06-15 15:13:35,861 [INFO] IPUIPlugin:80 - create IPUIPlugin
2025-06-15 15:13:35,861 [INFO] PluginManager:220 - loadIPPluginJar : add mdma
2025-06-15 15:13:35,878 [INFO] IPUIPlugin:80 - create IPUIPlugin
2025-06-15 15:13:35,878 [INFO] PluginManager:220 - loadIPPluginJar : add nvic
2025-06-15 15:13:35,933 [INFO] IPUIPlugin:80 - create IPUIPlugin
2025-06-15 15:13:35,933 [INFO] PluginManager:220 - loadIPPluginJar : add opamp
2025-06-15 15:13:36,032 [INFO] IPUIPlugin:80 - create IPUIPlugin
2025-06-15 15:13:36,033 [INFO] PluginManager:220 - loadIPPluginJar : add openamp
2025-06-15 15:13:36,109 [INFO] IPUIPlugin:80 - create IPUIPlugin
2025-06-15 15:13:36,109 [INFO] PluginManager:220 - loadIPPluginJar : add pdm2pcm
2025-06-15 15:13:36,129 [INFO] IPUIPlugin:80 - create IPUIPlugin
2025-06-15 15:13:36,131 [INFO] PluginManager:220 - loadIPPluginJar : add plateformsettings
2025-06-15 15:13:36,165 [INFO] IPUIPlugin:80 - create IPUIPlugin
2025-06-15 15:13:36,165 [INFO] PluginManager:220 - loadIPPluginJar : add quadspi
2025-06-15 15:13:36,205 [INFO] IPUIPlugin:80 - create IPUIPlugin
2025-06-15 15:13:36,206 [INFO] PluginManager:220 - loadIPPluginJar : add radio
2025-06-15 15:13:36,224 [INFO] IPUIPlugin:80 - create IPUIPlugin
2025-06-15 15:13:36,224 [INFO] PluginManager:220 - loadIPPluginJar : add resmgrutility
2025-06-15 15:13:36,275 [INFO] ThirdPartyUpdaterWithRetryManager:70 - Updater plugin not ready yet. [2/15]
2025-06-15 15:13:36,293 [INFO] IPUIPlugin:80 - create IPUIPlugin
2025-06-15 15:13:36,293 [INFO] PluginManager:220 - loadIPPluginJar : add sai
2025-06-15 15:13:36,349 [INFO] IPUIPlugin:80 - create IPUIPlugin
2025-06-15 15:13:36,349 [INFO] PluginManager:220 - loadIPPluginJar : add spi
2025-06-15 15:13:36,444 [INFO] IPUIPlugin:80 - create IPUIPlugin
2025-06-15 15:13:36,445 [INFO] PluginManager:220 - loadIPPluginJar : add stm32_wpan
2025-06-15 15:13:36,483 [INFO] IPUIPlugin:80 - create IPUIPlugin
2025-06-15 15:13:36,484 [INFO] PluginManager:220 - loadIPPluginJar : add tim
2025-06-15 15:13:36,573 [INFO] IPUIPlugin:80 - create IPUIPlugin
2025-06-15 15:13:36,573 [INFO] PluginManager:220 - loadIPPluginJar : add touchsensing
2025-06-15 15:13:36,609 [INFO] IPUIPlugin:80 - create IPUIPlugin
2025-06-15 15:13:36,609 [INFO] PluginManager:220 - loadIPPluginJar : add tracer_emb
2025-06-15 15:13:36,644 [INFO] IPUIPlugin:80 - create IPUIPlugin
2025-06-15 15:13:36,644 [INFO] PluginManager:220 - loadIPPluginJar : add ts
2025-06-15 15:13:36,678 [INFO] IPUIPlugin:80 - create IPUIPlugin
2025-06-15 15:13:36,679 [INFO] PluginManager:220 - loadIPPluginJar : add tsc
2025-06-15 15:13:36,714 [INFO] IPUIPlugin:80 - create IPUIPlugin
2025-06-15 15:13:36,714 [INFO] PluginManager:220 - loadIPPluginJar : add ucpd
2025-06-15 15:13:36,780 [INFO] IPUIPlugin:80 - create IPUIPlugin
2025-06-15 15:13:36,780 [INFO] PluginManager:220 - loadIPPluginJar : add usart
2025-06-15 15:13:36,845 [INFO] IPUIPlugin:80 - create IPUIPlugin
2025-06-15 15:13:36,845 [INFO] PluginManager:220 - loadIPPluginJar : add usbx
2025-06-15 15:13:36,998 [FATAL] Updater:351 - Updater called before beeing initialized
2025-06-15 15:13:37,051 [INFO] RulesReader:64 - Compatibility file has been processed (297 Rules)
2025-06-15 15:13:37,064 [INFO] RulesReader:64 - Compatibility file has been processed (297 Rules)
2025-06-15 15:13:37,073 [INFO] CADModel:165 - CPN selected for project level
2025-06-15 15:13:37,073 [INFO] CADModel:114 - Register for checkConnection events
2025-06-15 15:13:37,074 [FATAL] Updater:351 - Updater called before beeing initialized
2025-06-15 15:13:37,074 [ERROR] CADModel:125 - Updater not yet initialized, retry later 
2025-06-15 15:13:37,264 [FATAL] Updater:351 - Updater called before beeing initialized
2025-06-15 15:13:37,266 [INFO] CADModel:165 - CPN selected for project level
2025-06-15 15:13:37,266 [INFO] CADModel:114 - Register for checkConnection events
2025-06-15 15:13:37,266 [FATAL] Updater:351 - Updater called before beeing initialized
2025-06-15 15:13:37,267 [ERROR] CADModel:125 - Updater not yet initialized, retry later 
2025-06-15 15:13:37,271 [FATAL] Updater:351 - Updater called before beeing initialized
2025-06-15 15:13:37,456 [FATAL] Updater:351 - Updater called before beeing initialized
2025-06-15 15:13:37,470 [INFO] DbMcusAds:53 - JSON generation date=Wed May 07 11:07:55 CEST 2025 (1746608875484)
2025-06-15 15:13:37,470 [FATAL] Updater:351 - Updater called before beeing initialized
2025-06-15 15:13:37,520 [WARN] DetailPanel:346 - Failed to get advertising image, set to default
2025-06-15 15:13:37,811 [FATAL] Updater:351 - Updater called before beeing initialized
2025-06-15 15:13:37,814 [FATAL] Updater:351 - Updater called before beeing initialized
2025-06-15 15:13:37,814 [FATAL] Updater:351 - Updater called before beeing initialized
2025-06-15 15:13:37,814 [WARN] DetailPanel:346 - Failed to get advertising image, set to default
2025-06-15 15:13:37,815 [FATAL] Updater:351 - Updater called before beeing initialized
2025-06-15 15:13:37,911 [ERROR] Updater:1198 - MainUpdater not yet initialized. External WinMGr cannot be set.
2025-06-15 15:13:37,925 [INFO] Updater:1134 - Updater Version found : 6.13.0
2025-06-15 15:13:37,949 [INFO] ApplicationProperties:184 - Using Application install path: C:\ST\STM32CubeIDE_1.17.0\STM32CubeIDE\plugins\com.st.stm32cube.common.mx_6.13.0.202411220809
2025-06-15 15:13:39,276 [INFO] ThirdPartyUpdaterWithRetryManager:70 - Updater plugin not ready yet. [3/15]
2025-06-15 15:13:39,539 [ERROR] LogOutputStream:75 - [STDERR_REDIRECT] Jun 15, 2025 3:13:39 PM java.util.prefs.WindowsPreferences <init>
2025-06-15 15:13:39,541 [ERROR] LogOutputStream:75 - [STDERR_REDIRECT] WARNING: Could not open/create prefs root node Software\JavaSoft\Prefs at root 0xffffffff80000002. Windows RegCreateKeyEx(...) returned error code 5.
2025-06-15 15:13:39,542 [ERROR] LogOutputStream:75 - [STDERR_REDIRECT] 
2025-06-15 15:13:40,006 [INFO] MainUpdater:2872 - connection check result : 10
2025-06-15 15:13:40,007 [INFO] MainUpdater:289 - Updater Check For Update Now.
2025-06-15 15:13:40,007 [INFO] MicroXplorer:498 - Change Database Version : DB.6.0.130
2025-06-15 15:13:40,034 [INFO] McuFinderGlobals:63 - Set McuFinder mode to 2 (CubeIDE integrated)
2025-06-15 15:13:40,047 [INFO] UserAuth:486 - Internet connection configuration mode: 1
2025-06-15 15:13:40,106 [INFO] JxBrowserEngine:152 - Initiate JxBrowser Engine with user profile folder
2025-06-15 15:13:40,353 [INFO] CheckServerUpdateThread:120 - End of CheckServer Thread
2025-06-15 15:13:42,019 [INFO] WebApp:168 - Instantiating new browser for Auth
2025-06-15 15:13:43,139 [WARN] PackLoader:240 - Cannot read IP mode file for STMicroelectronics.FP-SNS-MOTENVWB1.1.4.0
2025-06-15 15:13:43,169 [WARN] PackLoader:240 - Cannot read IP mode file for STMicroelectronics.FP-ATR-ASTRA1.2.0.2
2025-06-15 15:13:43,193 [WARN] PackLoader:240 - Cannot read IP mode file for STMicroelectronics.FP-ATR-ASTRA1.2.0.1
2025-06-15 15:13:43,228 [WARN] PackLoader:240 - Cannot read IP mode file for STMicroelectronics.X-CUBE-SMBUS.2.1.0
2025-06-15 15:13:43,258 [WARN] PackLoader:240 - Cannot read IP mode file for STMicroelectronics.X-CUBE-WB05N.1.1.0
2025-06-15 15:13:43,298 [WARN] PackLoader:240 - Cannot read IP mode file for STMicroelectronics.X-CUBE-ST60.1.0.0
2025-06-15 15:13:43,489 [WARN] PackLoader:240 - Cannot read IP mode file for STMicroelectronics.X-CUBE-AZRTOS-F7.1.1.0
2025-06-15 15:13:43,548 [WARN] PackLoader:240 - Cannot read IP mode file for STMicroelectronics.FP-SNS-FLIGHT1.5.0.2
2025-06-15 15:13:43,767 [WARN] PackLoader:240 - Cannot read IP mode file for Infineon.AIROC-Wi-Fi-Bluetooth-STM32.1.7.0
2025-06-15 15:13:43,814 [WARN] PackLoader:240 - Cannot read IP mode file for STMicroelectronics.X-CUBE-DISPLAY.3.0.0
2025-06-15 15:13:43,886 [WARN] PackLoader:240 - Cannot read IP mode file for STMicroelectronics.X-CUBE-BLE1.7.0.0
2025-06-15 15:13:43,917 [WARN] PackLoader:240 - Cannot read IP mode file for STMicroelectronics.X-CUBE-NFC10.1.0.0
2025-06-15 15:13:43,994 [WARN] PackLoader:240 - Cannot read IP mode file for STMicroelectronics.X-CUBE-BLEMGR.4.0.0
2025-06-15 15:13:44,051 [INFO] WebApp:449 - Apply proxy settings
2025-06-15 15:13:44,052 [INFO] WebApp:534 - Chromium requires no authentication
2025-06-15 15:13:44,070 [WARN] PackLoader:240 - Cannot read IP mode file for emotas.I-CUBE-CANOPEN.1.3.0
2025-06-15 15:13:44,071 [INFO] WebApp:477 - Direct internet connection detected
2025-06-15 15:13:44,137 [INFO] WebApp:880 - Register for checkConnection events
2025-06-15 15:13:44,137 [INFO] WebApp:449 - Apply proxy settings
2025-06-15 15:13:44,137 [INFO] WebApp:534 - Chromium requires no authentication
2025-06-15 15:13:44,138 [INFO] WebApp:477 - Direct internet connection detected
2025-06-15 15:13:44,142 [WARN] PackLoader:240 - Cannot read IP mode file for STMicroelectronics.X-CUBE-AI.10.0.0
2025-06-15 15:13:44,169 [WARN] PackLoader:240 - Cannot read IP mode file for STMicroelectronics.FP-SNS-SMARTAG2.1.2.0
2025-06-15 15:13:44,365 [WARN] PackLoader:240 - Cannot read IP mode file for STMicroelectronics.FP-SNS-FLIGHT1.5.1.0
2025-06-15 15:13:44,653 [WARN] PackLoader:240 - Cannot read IP mode file for STMicroelectronics.X-CUBE-MEMS1.11.1.0
2025-06-15 15:13:44,881 [INFO] WebApp:187 - Connection restablished
2025-06-15 15:13:45,337 [INFO] WebApp:221 - Starting web application
2025-06-15 15:13:45,338 [INFO] WebApp:579 - Web application path used C:\ST\STM32CubeIDE_1.17.0\STM32CubeIDE\plugins\com.st.stm32cube.common.mx_6.13.0.202411220809\db\plugins\mcufinder\reactClient1\index.html
2025-06-15 15:13:45,476 [INFO] LogOutputStream:77 - [STDOUT_REDIRECT] 1 : Invalid condition id : UX_CORESTACK_Condition cause : null
2025-06-15 15:13:45,477 [INFO] LogOutputStream:77 - [STDOUT_REDIRECT] 1 : Invalid condition id : UX_CORESTACK_Condition cause : null
2025-06-15 15:13:45,480 [INFO] LogOutputStream:77 - [STDOUT_REDIRECT] 1 : Invalid condition id : UX_CORESTACK_Condition cause : null
2025-06-15 15:13:45,482 [INFO] LogOutputStream:77 - [STDOUT_REDIRECT] 1 : Invalid condition id : UX_CORESTACK_Condition cause : null
2025-06-15 15:13:45,485 [INFO] LogOutputStream:77 - [STDOUT_REDIRECT] 1 : Invalid condition id : UX_CORESTACK_Condition cause : null
2025-06-15 15:13:45,489 [WARN] PackLoader:240 - Cannot read IP mode file for STMicroelectronics.X-CUBE-AZRTOS-WL.2.0.0
2025-06-15 15:13:45,515 [WARN] PackLoader:240 - Cannot read IP mode file for STMicroelectronics.FP-SNS-MOTENV1.5.0.0
2025-06-15 15:13:45,540 [WARN] PackLoader:240 - Cannot read IP mode file for wolfSSL.I-CUBE-wolfMQTT.1.19.0
2025-06-15 15:13:45,571 [WARN] PackLoader:240 - Cannot read IP mode file for WES.I-CUBE-Cesium.1.3.0
2025-06-15 15:13:45,636 [WARN] PackLoader:240 - Cannot read IP mode file for STMicroelectronics.X-CUBE-BLE2.3.3.0
2025-06-15 15:13:45,692 [WARN] PackLoader:240 - Cannot read IP mode file for STMicroelectronics.X-CUBE-NFC9.1.0.0
2025-06-15 15:13:45,719 [WARN] PackLoader:240 - Cannot read IP mode file for STMicroelectronics.X-CUBE-BLE1.7.1.0
2025-06-15 15:13:45,741 [WARN] PackLoader:240 - Cannot read IP mode file for STMicroelectronics.X-CUBE-AI.10.1.0
2025-06-15 15:13:45,999 [INFO] UserAuth:486 - Internet connection configuration mode: 1
2025-06-15 15:13:46,092 [WARN] PackLoader:240 - Cannot read IP mode file for STMicroelectronics.X-CUBE-MEMS1.11.2.0
2025-06-15 15:13:46,432 [WARN] PackLoader:240 - Cannot read IP mode file for STMicroelectronics.X-CUBE-AZRTOS-G0.1.1.0
2025-06-15 15:13:46,499 [WARN] PackLoader:240 - Cannot read IP mode file for STMicroelectronics.X-CUBE-SAFEA1.1.2.2
2025-06-15 15:13:46,544 [WARN] PackLoader:240 - Cannot read IP mode file for STMicroelectronics.X-CUBE-NFC4.3.0.0
2025-06-15 15:13:46,572 [WARN] PackLoader:240 - Cannot read IP mode file for EmbeddedOffice.I-CUBE-FS-RTOS.1.0.1
2025-06-15 15:13:46,610 [WARN] PackLoader:240 - Cannot read IP mode file for STMicroelectronics.X-CUBE-WB05N.2.0.0
2025-06-15 15:13:46,643 [WARN] PackLoader:240 - Cannot read IP mode file for STMicroelectronics.X-CUBE-TCPP.4.2.0
2025-06-15 15:13:46,669 [WARN] PackLoader:240 - Cannot read IP mode file for RealThread.X-CUBE-RT-Thread_Nano.4.1.1
2025-06-15 15:13:46,692 [WARN] PackLoader:240 - Cannot read IP mode file for STMicroelectronics.FP-ATR-SIGFOX1.3.2.0
2025-06-15 15:13:46,715 [WARN] ConditionMgr:438 - getConditionDescription Invalid condition id : Cortex-A Device cause : null
2025-06-15 15:13:46,764 [WARN] ConditionMgr:1044 - genDependencies : Invalid condition id : Cortex-A Device cause : null
2025-06-15 15:13:46,771 [WARN] ConditionMgr:1044 - genDependencies : Invalid condition id : Cortex-A Device cause : null
2025-06-15 15:13:46,772 [WARN] ConditionMgr:1044 - genDependencies : Invalid condition id : Cortex-A Device cause : null
2025-06-15 15:13:46,805 [WARN] PackLoader:240 - Cannot read IP mode file for STMicroelectronics.X-CUBE-EEPRMA1.5.1.0
2025-06-15 15:13:46,852 [WARN] PackLoader:240 - Cannot read IP mode file for wolfSSL.I-CUBE-wolfSSL.5.7.4
2025-06-15 15:13:46,884 [WARN] PackLoader:240 - Cannot read IP mode file for ITTIA_DB.I-CUBE-ITTIADB.8.9.0
2025-06-15 15:13:46,914 [WARN] PackLoader:240 - Cannot read IP mode file for STMicroelectronics.X-CUBE-ST67W61.1.0.0
2025-06-15 15:13:47,004 [WARN] PackLoader:240 - Cannot read IP mode file for SEGGER.I-CUBE-embOS.1.3.1
2025-06-15 15:13:47,088 [WARN] PackLoader:240 - Cannot read IP mode file for STMicroelectronics.X-CUBE-ALGOBUILD.1.4.0
2025-06-15 15:13:47,200 [WARN] PackLoader:240 - Cannot read IP mode file for STMicroelectronics.X-CUBE-MEMS1.11.3.0
2025-06-15 15:13:47,959 [WARN] PackLoader:240 - Cannot read IP mode file for STMicroelectronics.X-CUBE-AI.9.1.0
2025-06-15 15:13:48,010 [WARN] PackLoader:240 - Cannot read IP mode file for STMicroelectronics.X-CUBE-AZRTOS-F4.1.1.0
2025-06-15 15:13:48,034 [WARN] PackLoader:240 - Cannot read IP mode file for Avnet-IotConnect.X-CUBE-IoTC-DA16k-PMOD.1.0.0
2025-06-15 15:13:48,071 [WARN] PackLoader:240 - Cannot read IP mode file for STMicroelectronics.X-CUBE-ISPU.2.1.0
2025-06-15 15:13:48,128 [WARN] PackLoader:240 - Cannot read IP mode file for STMicroelectronics.X-CUBE-AZRTOS-L5.2.0.0
2025-06-15 15:13:48,160 [WARN] PackLoader:240 - Cannot read IP mode file for STMicroelectronics.X-CUBE-NFC6.3.1.0
2025-06-15 15:13:48,191 [WARN] PackLoader:240 - Cannot read IP mode file for STMicroelectronics.X-CUBE-DPower.1.2.0
2025-06-15 15:13:48,217 [WARN] PackLoader:240 - Cannot read IP mode file for STMicroelectronics.X-CUBE-FREERTOS.1.3.1
2025-06-15 15:13:48,241 [WARN] PackLoader:240 - Cannot read IP mode file for STMicroelectronics.X-CUBE-FREERTOS.1.3.0
2025-06-15 15:13:48,265 [WARN] PackLoader:240 - Cannot read IP mode file for STMicroelectronics.X-CUBE-NFC7.1.0.1
2025-06-15 15:13:48,288 [WARN] PackLoader:240 - Cannot read IP mode file for STMicroelectronics.X-CUBE-DPower.1.3.0
2025-06-15 15:13:48,344 [WARN] ConditionMgr:438 - getConditionDescription Invalid condition id : LAN8742 Phy interface Condition cause : null
2025-06-15 15:13:48,345 [WARN] PackLoader:240 - Cannot read IP mode file for STMicroelectronics.X-CUBE-AZRTOS-L4.2.0.0
2025-06-15 15:13:48,347 [WARN] ConditionMgr:1044 - genDependencies : Invalid condition id : LAN8742 Phy interface Condition cause : null
2025-06-15 15:13:48,347 [WARN] ConditionMgr:1044 - genDependencies : Invalid condition id : LAN8742 Phy interface Condition cause : null
2025-06-15 15:13:48,348 [WARN] ConditionMgr:1044 - genDependencies : Invalid condition id : LAN8742 Phy interface Condition cause : null
2025-06-15 15:13:48,378 [WARN] PackLoader:240 - Cannot read IP mode file for STMicroelectronics.X-CUBE-SFXS2LP1.4.0.0
2025-06-15 15:13:48,478 [WARN] PackLoader:240 - Cannot read IP mode file for STMicroelectronics.X-CUBE-AZRTOS-H7.3.3.0
2025-06-15 15:13:48,525 [WARN] ConditionMgr:438 - getConditionDescription Invalid condition id : UX DEVICE CLASS RTOS Condition cause : null
2025-06-15 15:13:48,526 [WARN] ConditionMgr:438 - getConditionDescription Invalid condition id : UX DEVICE CLASS RTOS Condition cause : null
2025-06-15 15:13:48,528 [WARN] PackLoader:240 - Cannot read IP mode file for STMicroelectronics.X-CUBE-AZRTOS-WB.2.0.0
2025-06-15 15:13:48,529 [WARN] ConditionMgr:1044 - genDependencies : Invalid condition id : UX DEVICE CLASS RTOS Condition cause : null
2025-06-15 15:13:48,529 [WARN] ConditionMgr:1044 - genDependencies : Invalid condition id : UX DEVICE CLASS RTOS Condition cause : null
2025-06-15 15:13:48,530 [WARN] ConditionMgr:1044 - genDependencies : Invalid condition id : UX DEVICE CLASS RTOS Condition cause : null
2025-06-15 15:13:48,530 [WARN] ConditionMgr:1044 - genDependencies : Invalid condition id : UX DEVICE CLASS RTOS Condition cause : null
2025-06-15 15:13:48,530 [WARN] ConditionMgr:1044 - genDependencies : Invalid condition id : UX DEVICE CLASS RTOS Condition cause : null
2025-06-15 15:13:48,557 [WARN] PackLoader:240 - Cannot read IP mode file for STMicroelectronics.X-CUBE-GNSS1.7.0.1
2025-06-15 15:13:48,583 [WARN] PackLoader:240 - Cannot read IP mode file for STMicroelectronics.X-CUBE-TOUCHGFX.4.25.0
2025-06-15 15:13:48,611 [WARN] PackLoader:240 - Cannot read IP mode file for STMicroelectronics.FP-SNS-STBOX1.2.0.0
2025-06-15 15:13:48,646 [WARN] PackLoader:240 - Cannot read IP mode file for STMicroelectronics.X-CUBE-SUBG2.5.0.0
2025-06-15 15:13:48,711 [WARN] PackLoader:240 - Cannot read IP mode file for STMicroelectronics.X-CUBE-AZRTOS-H7RS.1.1.0
2025-06-15 15:13:48,739 [WARN] PackLoader:240 - Cannot read IP mode file for Cesanta.I-CUBE-Mongoose.7.13.0
2025-06-15 15:13:48,797 [WARN] PackLoader:240 - Cannot read IP mode file for STMicroelectronics.X-CUBE-AZRTOS-G4.2.0.0
2025-06-15 15:13:48,844 [WARN] PackLoader:240 - Cannot read IP mode file for STMicroelectronics.X-CUBE-NFC7.2.0.0
2025-06-15 15:13:48,881 [WARN] PackLoader:240 - Cannot read IP mode file for STMicroelectronics.X-CUBE-IPS.3.1.0
2025-06-15 15:13:48,912 [WARN] PackLoader:240 - Cannot read IP mode file for STMicroelectronics.X-CUBE-ALS.1.0.2
2025-06-15 15:13:48,935 [WARN] PackLoader:240 - Cannot read IP mode file for STMicroelectronics.X-CUBE-TOUCHGFX.4.24.2
2025-06-15 15:13:48,960 [WARN] PackLoader:240 - Cannot read IP mode file for wolfSSL.I-CUBE-wolfTPM.3.4.0
2025-06-15 15:13:48,985 [WARN] PackLoader:240 - Cannot read IP mode file for portGmbH.I-Cube-SoM-uGOAL.1.1.0
2025-06-15 15:13:49,045 [WARN] PackLoader:240 - Cannot read IP mode file for STMicroelectronics.X-CUBE-AZRTOS-H7RS.1.0.0
2025-06-15 15:13:49,094 [WARN] PackLoader:240 - Cannot read IP mode file for STMicroelectronics.X-CUBE-TOF1.3.4.2
2025-06-15 15:13:49,167 [WARN] PackLoader:240 - Cannot read IP mode file for STMicroelectronics.X-CUBE-TOF1.3.4.3
2025-06-15 15:13:49,275 [WARN] PackLoader:240 - Cannot read IP mode file for wolfSSL.I-CUBE-wolfSSH.1.4.17
2025-06-15 15:13:49,276 [INFO] ThirdParty:978 - Integrity check success = true
2025-06-15 15:13:49,276 [INFO] IntegrityCheckThread:100 - exiting critical section [integrity check]
2025-06-15 15:13:49,276 [INFO] IntegrityCheckThread:103 - End integrity checks thread
2025-06-15 15:38:30,581 [INFO] WebApp:190 - Connection lost
2025-06-15 15:38:31,186 [INFO] WebApp:187 - Connection restablished
2025-06-15 18:59:11,501 [INFO] WebApp:190 - Connection lost
2025-06-15 18:59:11,868 [INFO] WebApp:187 - Connection restablished
2025-06-15 18:59:13,605 [INFO] WebApp:190 - Connection lost
2025-06-15 18:59:13,770 [INFO] WebApp:187 - Connection restablished
2025-06-15 19:18:50,191 [ERROR] LogOutputStream:75 - [STDERR_REDIRECT] 
2025-06-15 19:18:50,195 [ERROR] LogOutputStream:75 - [STDERR_REDIRECT] 
