2025-06-03 22:36:12,628 [INFO] Activator:176 - 


2025-06-03 22:36:12,637 [INFO] Activator:177 - !SESSION log4j initialized
2025-06-03 22:36:25,557 [INFO] LogOutputStream:77 - [STDOUT_REDIRECT] 
2025-06-03 22:36:27,737 [INFO] ApplicationProperties:184 - Using Application install path: C:\ST\STM32CubeIDE_1.17.0\STM32CubeIDE\plugins\com.st.stm32cube.common.mx_6.13.0.202411220809
2025-06-03 22:36:27,763 [INFO] DbMcusXml:78 - Set database path to: C:\ST\STM32CubeIDE_1.17.0\STM32CubeIDE\plugins\com.st.stm32cube.common.mx_6.13.0.202411220809\\db\/mcu/
2025-06-03 22:36:27,763 [INFO] ApiDb:274 - Set plugin database path to: C:\ST\STM32CubeIDE_1.17.0\STM32CubeIDE\plugins\com.st.stm32cube.common.mx_6.13.0.202411220809\\db\/plugins/boardmanager/
2025-06-03 22:36:27,764 [WARN] ApiDb:259 - Overriding images path with different value:  => C:\ST\STM32CubeIDE_1.17.0\STM32CubeIDE\plugins\com.st.stm32cube.common.mx_6.13.0.202411220809\\db\/plugins/mcufinder/images/
2025-06-03 22:36:27,778 [INFO] ApiDb:250 - Set database path to: C:\Users\User\.stmcufinder\plugins\mcufinder//mcu/
2025-06-03 22:36:27,780 [INFO] DbMcusAds:125 - Set database path to: C:\Users\User\.stmcufinder\plugins\mcufinder//mcu/
2025-06-03 22:36:27,783 [INFO] CrossReferenceDbSqlite:203 - Set database path to: C:\Users\User\.stmcufinder\plugins\mcufinder//mcu/cs/
2025-06-03 22:36:27,954 [INFO] RulesReader:64 - Compatibility file has been processed (297 Rules)
2025-06-03 22:36:28,076 [INFO] DbMcusXml:78 - Set database path to: C:\ST\STM32CubeIDE_1.17.0\STM32CubeIDE\plugins\com.st.stm32cube.common.mx_6.13.0.202411220809\\db\/mcu/
2025-06-03 22:36:28,076 [INFO] ApiDb:274 - Set plugin database path to: C:\ST\STM32CubeIDE_1.17.0\STM32CubeIDE\plugins\com.st.stm32cube.common.mx_6.13.0.202411220809\\db\/plugins/boardmanager/
2025-06-03 22:36:28,077 [INFO] ApiDb:261 - Set plugin images path to: C:\ST\STM32CubeIDE_1.17.0\STM32CubeIDE\plugins\com.st.stm32cube.common.mx_6.13.0.202411220809\\db\/plugins/mcufinder/images/
2025-06-03 22:36:28,077 [WARN] DbFile:41 - Overriding database path with different value: C:\Users\User\.stmcufinder\plugins\mcufinder/ => C:\Users\User\.stmcufinder\plugins\mcufinder
2025-06-03 22:36:28,078 [INFO] ApiDb:250 - Set database path to: C:\Users\User\.stmcufinder\plugins\mcufinder//mcu/
2025-06-03 22:36:28,078 [WARN] DbFile:41 - Overriding database path with different value: C:\Users\User\.stmcufinder\plugins\mcufinder/ => C:\Users\User\.stmcufinder\plugins\mcufinder
2025-06-03 22:36:28,078 [INFO] DbMcusAds:125 - Set database path to: C:\Users\User\.stmcufinder\plugins\mcufinder//mcu/
2025-06-03 22:36:28,078 [WARN] DbFile:41 - Overriding database path with different value: C:\Users\User\.stmcufinder\plugins\mcufinder/ => C:\Users\User\.stmcufinder\plugins\mcufinder
2025-06-03 22:36:28,078 [WARN] DbFile:41 - Overriding database path with different value: C:\Users\User\.stmcufinder\plugins\mcufinder/ => C:\Users\User\.stmcufinder\plugins\mcufinder
2025-06-03 22:36:28,078 [INFO] CrossReferenceDbSqlite:203 - Set database path to: C:\Users\User\.stmcufinder\plugins\mcufinder//mcu/cs/
2025-06-03 22:36:28,195 [INFO] MainPanel:272 - HeapMemory: 268435456
2025-06-03 22:36:28,339 [INFO] DbMcusXml:78 - Set database path to: C:\ST\STM32CubeIDE_1.17.0\STM32CubeIDE\plugins\com.st.stm32cube.common.mx_6.13.0.202411220809\\db\/mcu/
2025-06-03 22:36:28,339 [INFO] ApiDb:274 - Set plugin database path to: C:\ST\STM32CubeIDE_1.17.0\STM32CubeIDE\plugins\com.st.stm32cube.common.mx_6.13.0.202411220809\\db\/plugins/boardmanager/
2025-06-03 22:36:28,339 [INFO] ApiDb:261 - Set plugin images path to: C:\ST\STM32CubeIDE_1.17.0\STM32CubeIDE\plugins\com.st.stm32cube.common.mx_6.13.0.202411220809\\db\/plugins/mcufinder/images/
2025-06-03 22:36:28,340 [WARN] DbFile:41 - Overriding database path with different value: C:\Users\User\.stmcufinder\plugins\mcufinder/ => C:\Users\User\.stmcufinder\plugins\mcufinder
2025-06-03 22:36:28,340 [INFO] ApiDb:250 - Set database path to: C:\Users\User\.stmcufinder\plugins\mcufinder//mcu/
2025-06-03 22:36:28,340 [WARN] DbFile:41 - Overriding database path with different value: C:\Users\User\.stmcufinder\plugins\mcufinder/ => C:\Users\User\.stmcufinder\plugins\mcufinder
2025-06-03 22:36:28,340 [INFO] DbMcusAds:125 - Set database path to: C:\Users\User\.stmcufinder\plugins\mcufinder//mcu/
2025-06-03 22:36:28,340 [WARN] DbFile:41 - Overriding database path with different value: C:\Users\User\.stmcufinder\plugins\mcufinder/ => C:\Users\User\.stmcufinder\plugins\mcufinder
2025-06-03 22:36:28,340 [WARN] DbFile:41 - Overriding database path with different value: C:\Users\User\.stmcufinder\plugins\mcufinder/ => C:\Users\User\.stmcufinder\plugins\mcufinder
2025-06-03 22:36:28,340 [INFO] CrossReferenceDbSqlite:203 - Set database path to: C:\Users\User\.stmcufinder\plugins\mcufinder//mcu/cs/
2025-06-03 22:36:28,365 [INFO] ApplicationProperties:184 - Using Application install path: C:\ST\STM32CubeIDE_1.17.0\STM32CubeIDE\plugins\com.st.stm32cube.common.mx_6.13.0.202411220809
2025-06-03 22:36:28,367 [INFO] PluginManage:196 - Search for loadable plugins [exclusion list=, ]
2025-06-03 22:36:28,369 [INFO] PluginManage:310 - Check plugin analytics
2025-06-03 22:36:28,620 [INFO] AnalyticsPlugin:253 - Accepted Software Licenses: 
2025-06-03 22:36:28,621 [INFO] AnalyticsPlugin:255 - Accepted CMSIS Pack Licenses: 
2025-06-03 22:36:28,621 [INFO] AnalyticsPlugin:257 - Accepted Firmware Licenses: FW.F4.1.28.0
2025-06-03 22:36:28,626 [INFO] PluginManage:359 - Loaded plugin analytics (category:tool,tabindex:-1)
2025-06-03 22:36:28,626 [INFO] PluginManage:310 - Check plugin cadmodel
2025-06-03 22:36:28,649 [INFO] CADModel:105 - Init CAD model plugin
2025-06-03 22:36:28,650 [INFO] PluginManage:359 - Loaded plugin cadmodel (category:power,tabindex:5)
2025-06-03 22:36:28,650 [INFO] PluginManage:310 - Check plugin clock
2025-06-03 22:36:28,689 [INFO] PluginManage:359 - Loaded plugin clock (category:base,tabindex:2)
2025-06-03 22:36:28,689 [INFO] PluginManage:310 - Check plugin ddr
2025-06-03 22:36:28,693 [INFO] PluginManage:359 - Loaded plugin ddr (category:tool,tabindex:6)
2025-06-03 22:36:28,693 [INFO] PluginManage:310 - Check plugin filemanager
2025-06-03 22:36:28,911 [INFO] PluginManage:359 - Loaded plugin filemanager (category:base,tabindex:10)
2025-06-03 22:36:28,911 [INFO] PluginManage:310 - Check plugin ipmanager
2025-06-03 22:36:28,922 [INFO] PluginManage:359 - Loaded plugin ipmanager (category:base,tabindex:5)
2025-06-03 22:36:28,923 [INFO] PluginManage:310 - Check plugin lpbam
2025-06-03 22:36:28,948 [INFO] PluginManage:359 - Loaded plugin lpbam (category:base,tabindex:0)
2025-06-03 22:36:28,949 [INFO] PluginManage:310 - Check plugin memorymap
2025-06-03 22:36:28,982 [INFO] PluginManage:359 - Loaded plugin memorymap (category:base,tabindex:4)
2025-06-03 22:36:28,982 [INFO] PluginManage:310 - Check plugin pinoutandconfiguration
2025-06-03 22:36:29,024 [INFO] PluginManage:359 - Loaded plugin pinoutandconfiguration (category:base,tabindex:1)
2025-06-03 22:36:29,025 [INFO] PluginManage:310 - Check plugin pinoutconfig
2025-06-03 22:36:29,162 [WARN] SupportedApi:132 - Cannot load RTOS API schema: s4s-elt-must-match.1: The content of 'definitions' must match (annotation?, (simpleType | complexType)?, (unique | key | keyref)*)). A problem was found starting at: attribute.
2025-06-03 22:36:29,351 [INFO] PluginManage:359 - Loaded plugin pinoutconfig (category:base,tabindex:0)
2025-06-03 22:36:29,352 [INFO] PluginManage:310 - Check plugin power
2025-06-03 22:36:29,382 [INFO] PluginManage:359 - Loaded plugin power (category:power,tabindex:4)
2025-06-03 22:36:29,382 [INFO] PluginManage:310 - Check plugin projectmanager
2025-06-03 22:36:29,403 [INFO] PluginManage:359 - Loaded plugin projectmanager (category:projectmanager,tabindex:4)
2025-06-03 22:36:29,403 [INFO] PluginManage:310 - Check plugin rif
2025-06-03 22:36:29,430 [INFO] PluginManage:359 - Loaded plugin rif (category:base,tabindex:3)
2025-06-03 22:36:29,430 [INFO] PluginManage:310 - Check plugin thirdparty
2025-06-03 22:36:29,823 [WARN] IntegrityCheckThread:84 - waiting for thirdparty lock release [integrity check]
2025-06-03 22:36:29,823 [INFO] PluginManage:359 - Loaded plugin thirdparty (category:base,tabindex:-1)
2025-06-03 22:36:29,823 [INFO] IntegrityCheckThread:86 - entering critical section [integrity check]
2025-06-03 22:36:29,823 [INFO] PluginManage:310 - Check plugin tools
2025-06-03 22:36:29,824 [INFO] ThirdPartyUpdaterWithRetryManager:70 - Updater plugin not ready yet. [1/15]
2025-06-03 22:36:29,881 [INFO] PluginManage:359 - Loaded plugin tools (category:base,tabindex:7)
2025-06-03 22:36:29,881 [INFO] PluginManage:310 - Check plugin tutovideos
2025-06-03 22:36:30,210 [INFO] PluginManage:359 - Loaded plugin tutovideos (category:base,tabindex:-1)
2025-06-03 22:36:30,210 [INFO] PluginManage:310 - Check plugin updater
2025-06-03 22:36:30,241 [INFO] PluginManage:359 - Loaded plugin updater (category:base,tabindex:12)
2025-06-03 22:36:30,241 [INFO] PluginManage:310 - Check plugin userauth
2025-06-03 22:36:30,246 [INFO] UserAuth:118 - Init User Auth plugin
2025-06-03 22:36:30,247 [INFO] PluginManage:359 - Loaded plugin userauth (category:base,tabindex:14)
2025-06-03 22:36:30,247 [INFO] PluginManage:283 - PluginManage : Loaded plugins [18]
2025-06-03 22:36:30,545 [INFO] PinOutPanel:1589 - setPackage(No Configuration,No Configuration)
2025-06-03 22:36:30,657 [INFO] CADModel:165 - CPN selected for project level
2025-06-03 22:36:30,658 [INFO] CADModel:114 - Register for checkConnection events
2025-06-03 22:36:30,693 [INFO] IPUIPlugin:80 - create IPUIPlugin
2025-06-03 22:36:30,693 [INFO] PluginManager:220 - loadIPPluginJar : add adc
2025-06-03 22:36:30,773 [INFO] IPUIPlugin:80 - create IPUIPlugin
2025-06-03 22:36:30,774 [INFO] PluginManager:220 - loadIPPluginJar : add aes
2025-06-03 22:36:30,846 [INFO] IPUIPlugin:80 - create IPUIPlugin
2025-06-03 22:36:30,846 [INFO] PluginManager:220 - loadIPPluginJar : add can
2025-06-03 22:36:30,913 [INFO] IPUIPlugin:80 - create IPUIPlugin
2025-06-03 22:36:30,914 [INFO] PluginManager:220 - loadIPPluginJar : add comp
2025-06-03 22:36:30,996 [INFO] IPUIPlugin:80 - create IPUIPlugin
2025-06-03 22:36:30,997 [INFO] PluginManager:220 - loadIPPluginJar : add cryp
2025-06-03 22:36:31,014 [INFO] IPUIPlugin:80 - create IPUIPlugin
2025-06-03 22:36:31,014 [INFO] PluginManager:220 - loadIPPluginJar : add ddr_ctrl_phy
2025-06-03 22:36:31,073 [INFO] IPUIPlugin:80 - create IPUIPlugin
2025-06-03 22:36:31,073 [INFO] PluginManager:220 - loadIPPluginJar : add dfsdm
2025-06-03 22:36:31,104 [INFO] IPUIPlugin:80 - create IPUIPlugin
2025-06-03 22:36:31,105 [INFO] PluginManager:220 - loadIPPluginJar : add dma
2025-06-03 22:36:31,179 [INFO] IPUIPlugin:80 - create IPUIPlugin
2025-06-03 22:36:31,179 [INFO] PluginManager:220 - loadIPPluginJar : add dma3
2025-06-03 22:36:31,289 [INFO] IPUIPlugin:80 - create IPUIPlugin
2025-06-03 22:36:31,289 [INFO] PluginManager:220 - loadIPPluginJar : add extmemmanager
2025-06-03 22:36:31,351 [INFO] IPUIPlugin:80 - create IPUIPlugin
2025-06-03 22:36:31,351 [INFO] PluginManager:220 - loadIPPluginJar : add fatfs
2025-06-03 22:36:31,499 [INFO] IPUIPlugin:80 - create IPUIPlugin
2025-06-03 22:36:31,499 [INFO] PluginManager:220 - loadIPPluginJar : add fmc
2025-06-03 22:36:31,536 [INFO] IPUIPlugin:80 - create IPUIPlugin
2025-06-03 22:36:31,537 [INFO] PluginManager:220 - loadIPPluginJar : add freertos
2025-06-03 22:36:31,605 [INFO] IPUIPlugin:80 - create IPUIPlugin
2025-06-03 22:36:31,605 [INFO] PluginManager:220 - loadIPPluginJar : add genericplugin
2025-06-03 22:36:31,922 [INFO] IPUIPlugin:80 - create IPUIPlugin
2025-06-03 22:36:31,922 [INFO] PluginManager:220 - loadIPPluginJar : add gfxmmu
2025-06-03 22:36:32,374 [INFO] IPUIPlugin:80 - create IPUIPlugin
2025-06-03 22:36:32,375 [INFO] PluginManager:220 - loadIPPluginJar : add gic
2025-06-03 22:36:32,410 [INFO] IPUIPlugin:80 - create IPUIPlugin
2025-06-03 22:36:32,410 [INFO] PluginManager:220 - loadIPPluginJar : add gpio
2025-06-03 22:36:32,725 [INFO] IPUIPlugin:80 - create IPUIPlugin
2025-06-03 22:36:32,725 [INFO] PluginManager:220 - loadIPPluginJar : add gtzc
2025-06-03 22:36:32,846 [INFO] ThirdPartyUpdaterWithRetryManager:70 - Updater plugin not ready yet. [2/15]
2025-06-03 22:36:32,897 [INFO] IPUIPlugin:80 - create IPUIPlugin
2025-06-03 22:36:32,898 [INFO] PluginManager:220 - loadIPPluginJar : add hash
2025-06-03 22:36:33,347 [INFO] IPUIPlugin:80 - create IPUIPlugin
2025-06-03 22:36:33,347 [INFO] PluginManager:220 - loadIPPluginJar : add i2c
2025-06-03 22:36:33,437 [INFO] IPUIPlugin:80 - create IPUIPlugin
2025-06-03 22:36:33,437 [INFO] PluginManager:220 - loadIPPluginJar : add i2s
2025-06-03 22:36:33,519 [INFO] IPUIPlugin:80 - create IPUIPlugin
2025-06-03 22:36:33,519 [INFO] PluginManager:220 - loadIPPluginJar : add i3c
