2025-06-06 01:58:09,318 [ERROR] LogOutputStream:75 - [STDERR_REDIRECT] 
2025-06-06 23:51:13,783 [INFO] Activator:176 - 


2025-06-06 23:51:13,788 [INFO] Activator:177 - !SESSION log4j initialized
2025-06-06 23:51:25,184 [INFO] LogOutputStream:77 - [STDOUT_REDIRECT] 
2025-06-06 23:51:32,385 [INFO] ApplicationProperties:184 - Using Application install path: C:\ST\STM32CubeIDE_1.17.0\STM32CubeIDE\plugins\com.st.stm32cube.common.mx_6.13.0.202411220809
2025-06-06 23:51:32,407 [INFO] DbMcusXml:78 - Set database path to: C:\ST\STM32CubeIDE_1.17.0\STM32CubeIDE\plugins\com.st.stm32cube.common.mx_6.13.0.202411220809\\db\/mcu/
2025-06-06 23:51:32,408 [INFO] ApiDb:274 - Set plugin database path to: C:\ST\STM32CubeIDE_1.17.0\STM32CubeIDE\plugins\com.st.stm32cube.common.mx_6.13.0.202411220809\\db\/plugins/boardmanager/
2025-06-06 23:51:32,408 [WARN] ApiDb:259 - Overriding images path with different value:  => C:\ST\STM32CubeIDE_1.17.0\STM32CubeIDE\plugins\com.st.stm32cube.common.mx_6.13.0.202411220809\\db\/plugins/mcufinder/images/
2025-06-06 23:51:32,423 [INFO] ApiDb:250 - Set database path to: C:\Users\User\.stmcufinder\plugins\mcufinder//mcu/
2025-06-06 23:51:32,424 [INFO] DbMcusAds:125 - Set database path to: C:\Users\User\.stmcufinder\plugins\mcufinder//mcu/
2025-06-06 23:51:32,428 [INFO] CrossReferenceDbSqlite:203 - Set database path to: C:\Users\User\.stmcufinder\plugins\mcufinder//mcu/cs/
2025-06-06 23:51:32,660 [INFO] RulesReader:64 - Compatibility file has been processed (297 Rules)
2025-06-06 23:51:32,792 [INFO] DbMcusXml:78 - Set database path to: C:\ST\STM32CubeIDE_1.17.0\STM32CubeIDE\plugins\com.st.stm32cube.common.mx_6.13.0.202411220809\\db\/mcu/
2025-06-06 23:51:32,792 [INFO] ApiDb:274 - Set plugin database path to: C:\ST\STM32CubeIDE_1.17.0\STM32CubeIDE\plugins\com.st.stm32cube.common.mx_6.13.0.202411220809\\db\/plugins/boardmanager/
2025-06-06 23:51:32,792 [INFO] ApiDb:261 - Set plugin images path to: C:\ST\STM32CubeIDE_1.17.0\STM32CubeIDE\plugins\com.st.stm32cube.common.mx_6.13.0.202411220809\\db\/plugins/mcufinder/images/
2025-06-06 23:51:32,793 [WARN] DbFile:41 - Overriding database path with different value: C:\Users\User\.stmcufinder\plugins\mcufinder/ => C:\Users\User\.stmcufinder\plugins\mcufinder
2025-06-06 23:51:32,793 [INFO] ApiDb:250 - Set database path to: C:\Users\User\.stmcufinder\plugins\mcufinder//mcu/
2025-06-06 23:51:32,793 [WARN] DbFile:41 - Overriding database path with different value: C:\Users\User\.stmcufinder\plugins\mcufinder/ => C:\Users\User\.stmcufinder\plugins\mcufinder
2025-06-06 23:51:32,793 [INFO] DbMcusAds:125 - Set database path to: C:\Users\User\.stmcufinder\plugins\mcufinder//mcu/
2025-06-06 23:51:32,793 [WARN] DbFile:41 - Overriding database path with different value: C:\Users\User\.stmcufinder\plugins\mcufinder/ => C:\Users\User\.stmcufinder\plugins\mcufinder
2025-06-06 23:51:32,793 [WARN] DbFile:41 - Overriding database path with different value: C:\Users\User\.stmcufinder\plugins\mcufinder/ => C:\Users\User\.stmcufinder\plugins\mcufinder
2025-06-06 23:51:32,794 [INFO] CrossReferenceDbSqlite:203 - Set database path to: C:\Users\User\.stmcufinder\plugins\mcufinder//mcu/cs/
2025-06-06 23:51:32,935 [INFO] MainPanel:272 - HeapMemory: 268435456
2025-06-06 23:51:33,118 [INFO] DbMcusXml:78 - Set database path to: C:\ST\STM32CubeIDE_1.17.0\STM32CubeIDE\plugins\com.st.stm32cube.common.mx_6.13.0.202411220809\\db\/mcu/
2025-06-06 23:51:33,118 [INFO] ApiDb:274 - Set plugin database path to: C:\ST\STM32CubeIDE_1.17.0\STM32CubeIDE\plugins\com.st.stm32cube.common.mx_6.13.0.202411220809\\db\/plugins/boardmanager/
2025-06-06 23:51:33,118 [INFO] ApiDb:261 - Set plugin images path to: C:\ST\STM32CubeIDE_1.17.0\STM32CubeIDE\plugins\com.st.stm32cube.common.mx_6.13.0.202411220809\\db\/plugins/mcufinder/images/
2025-06-06 23:51:33,119 [WARN] DbFile:41 - Overriding database path with different value: C:\Users\User\.stmcufinder\plugins\mcufinder/ => C:\Users\User\.stmcufinder\plugins\mcufinder
2025-06-06 23:51:33,119 [INFO] ApiDb:250 - Set database path to: C:\Users\User\.stmcufinder\plugins\mcufinder//mcu/
2025-06-06 23:51:33,119 [WARN] DbFile:41 - Overriding database path with different value: C:\Users\User\.stmcufinder\plugins\mcufinder/ => C:\Users\User\.stmcufinder\plugins\mcufinder
2025-06-06 23:51:33,119 [INFO] DbMcusAds:125 - Set database path to: C:\Users\User\.stmcufinder\plugins\mcufinder//mcu/
2025-06-06 23:51:33,119 [WARN] DbFile:41 - Overriding database path with different value: C:\Users\User\.stmcufinder\plugins\mcufinder/ => C:\Users\User\.stmcufinder\plugins\mcufinder
2025-06-06 23:51:33,119 [WARN] DbFile:41 - Overriding database path with different value: C:\Users\User\.stmcufinder\plugins\mcufinder/ => C:\Users\User\.stmcufinder\plugins\mcufinder
2025-06-06 23:51:33,120 [INFO] CrossReferenceDbSqlite:203 - Set database path to: C:\Users\User\.stmcufinder\plugins\mcufinder//mcu/cs/
2025-06-06 23:51:33,147 [INFO] ApplicationProperties:184 - Using Application install path: C:\ST\STM32CubeIDE_1.17.0\STM32CubeIDE\plugins\com.st.stm32cube.common.mx_6.13.0.202411220809
2025-06-06 23:51:33,150 [INFO] PluginManage:196 - Search for loadable plugins [exclusion list=, ]
2025-06-06 23:51:33,152 [INFO] PluginManage:310 - Check plugin analytics
2025-06-06 23:51:38,099 [INFO] AnalyticsPlugin:253 - Accepted Software Licenses: 
2025-06-06 23:51:38,099 [INFO] AnalyticsPlugin:255 - Accepted CMSIS Pack Licenses: 
2025-06-06 23:51:38,100 [INFO] AnalyticsPlugin:257 - Accepted Firmware Licenses: FW.F4.1.28.0
2025-06-06 23:51:38,106 [INFO] PluginManage:359 - Loaded plugin analytics (category:tool,tabindex:-1)
2025-06-06 23:51:38,107 [INFO] PluginManage:310 - Check plugin cadmodel
2025-06-06 23:51:38,141 [INFO] CADModel:105 - Init CAD model plugin
2025-06-06 23:51:38,142 [INFO] PluginManage:359 - Loaded plugin cadmodel (category:power,tabindex:5)
2025-06-06 23:51:38,142 [INFO] PluginManage:310 - Check plugin clock
2025-06-06 23:51:38,176 [INFO] PluginManage:359 - Loaded plugin clock (category:base,tabindex:2)
2025-06-06 23:51:38,176 [INFO] PluginManage:310 - Check plugin ddr
2025-06-06 23:51:38,184 [INFO] PluginManage:359 - Loaded plugin ddr (category:tool,tabindex:6)
2025-06-06 23:51:38,185 [INFO] PluginManage:310 - Check plugin filemanager
2025-06-06 23:51:38,454 [INFO] PluginManage:359 - Loaded plugin filemanager (category:base,tabindex:10)
2025-06-06 23:51:38,455 [INFO] PluginManage:310 - Check plugin ipmanager
2025-06-06 23:51:38,468 [INFO] PluginManage:359 - Loaded plugin ipmanager (category:base,tabindex:5)
2025-06-06 23:51:38,469 [INFO] PluginManage:310 - Check plugin lpbam
2025-06-06 23:51:38,500 [INFO] PluginManage:359 - Loaded plugin lpbam (category:base,tabindex:0)
2025-06-06 23:51:38,500 [INFO] PluginManage:310 - Check plugin memorymap
2025-06-06 23:51:38,538 [INFO] PluginManage:359 - Loaded plugin memorymap (category:base,tabindex:4)
2025-06-06 23:51:38,538 [INFO] PluginManage:310 - Check plugin pinoutandconfiguration
2025-06-06 23:51:38,570 [INFO] PluginManage:359 - Loaded plugin pinoutandconfiguration (category:base,tabindex:1)
2025-06-06 23:51:38,570 [INFO] PluginManage:310 - Check plugin pinoutconfig
2025-06-06 23:51:38,740 [WARN] SupportedApi:132 - Cannot load RTOS API schema: s4s-elt-must-match.1: The content of 'definitions' must match (annotation?, (simpleType | complexType)?, (unique | key | keyref)*)). A problem was found starting at: attribute.
2025-06-06 23:51:38,974 [INFO] PluginManage:359 - Loaded plugin pinoutconfig (category:base,tabindex:0)
2025-06-06 23:51:38,974 [INFO] PluginManage:310 - Check plugin power
2025-06-06 23:51:39,007 [INFO] PluginManage:359 - Loaded plugin power (category:power,tabindex:4)
2025-06-06 23:51:39,007 [INFO] PluginManage:310 - Check plugin projectmanager
2025-06-06 23:51:39,038 [INFO] PluginManage:359 - Loaded plugin projectmanager (category:projectmanager,tabindex:4)
2025-06-06 23:51:39,038 [INFO] PluginManage:310 - Check plugin rif
2025-06-06 23:51:39,073 [INFO] PluginManage:359 - Loaded plugin rif (category:base,tabindex:3)
2025-06-06 23:51:39,073 [INFO] PluginManage:310 - Check plugin thirdparty
2025-06-06 23:51:39,780 [INFO] PluginManage:359 - Loaded plugin thirdparty (category:base,tabindex:-1)
2025-06-06 23:51:39,780 [INFO] PluginManage:310 - Check plugin tools
2025-06-06 23:51:39,779 [WARN] IntegrityCheckThread:84 - waiting for thirdparty lock release [integrity check]
2025-06-06 23:51:39,788 [INFO] IntegrityCheckThread:86 - entering critical section [integrity check]
2025-06-06 23:51:39,788 [INFO] ThirdPartyUpdaterWithRetryManager:70 - Updater plugin not ready yet. [1/15]
2025-06-06 23:51:39,876 [INFO] PluginManage:359 - Loaded plugin tools (category:base,tabindex:7)
2025-06-06 23:51:39,877 [INFO] PluginManage:310 - Check plugin tutovideos
2025-06-06 23:51:40,238 [INFO] PluginManage:359 - Loaded plugin tutovideos (category:base,tabindex:-1)
2025-06-06 23:51:40,238 [INFO] PluginManage:310 - Check plugin updater
2025-06-06 23:51:40,323 [INFO] PluginManage:359 - Loaded plugin updater (category:base,tabindex:12)
2025-06-06 23:51:40,323 [INFO] PluginManage:310 - Check plugin userauth
2025-06-06 23:51:40,332 [INFO] UserAuth:118 - Init User Auth plugin
2025-06-06 23:51:40,335 [INFO] PluginManage:359 - Loaded plugin userauth (category:base,tabindex:14)
2025-06-06 23:51:40,337 [INFO] PluginManage:283 - PluginManage : Loaded plugins [18]
2025-06-06 23:51:41,056 [INFO] PinOutPanel:1589 - setPackage(No Configuration,No Configuration)
2025-06-06 23:51:41,252 [INFO] CADModel:165 - CPN selected for project level
2025-06-06 23:51:41,252 [INFO] CADModel:114 - Register for checkConnection events
2025-06-06 23:51:41,366 [INFO] IPUIPlugin:80 - create IPUIPlugin
2025-06-06 23:51:41,367 [INFO] PluginManager:220 - loadIPPluginJar : add adc
2025-06-06 23:51:41,474 [INFO] IPUIPlugin:80 - create IPUIPlugin
2025-06-06 23:51:41,474 [INFO] PluginManager:220 - loadIPPluginJar : add aes
2025-06-06 23:51:41,591 [INFO] IPUIPlugin:80 - create IPUIPlugin
2025-06-06 23:51:41,596 [INFO] PluginManager:220 - loadIPPluginJar : add can
2025-06-06 23:51:41,653 [INFO] IPUIPlugin:80 - create IPUIPlugin
2025-06-06 23:51:41,653 [INFO] PluginManager:220 - loadIPPluginJar : add comp
2025-06-06 23:51:41,738 [INFO] IPUIPlugin:80 - create IPUIPlugin
2025-06-06 23:51:41,738 [INFO] PluginManager:220 - loadIPPluginJar : add cryp
2025-06-06 23:51:41,763 [INFO] IPUIPlugin:80 - create IPUIPlugin
2025-06-06 23:51:41,763 [INFO] PluginManager:220 - loadIPPluginJar : add ddr_ctrl_phy
2025-06-06 23:51:41,838 [INFO] IPUIPlugin:80 - create IPUIPlugin
2025-06-06 23:51:41,838 [INFO] PluginManager:220 - loadIPPluginJar : add dfsdm
2025-06-06 23:51:41,865 [INFO] IPUIPlugin:80 - create IPUIPlugin
2025-06-06 23:51:41,866 [INFO] PluginManager:220 - loadIPPluginJar : add dma
2025-06-06 23:51:41,951 [INFO] IPUIPlugin:80 - create IPUIPlugin
2025-06-06 23:51:41,951 [INFO] PluginManager:220 - loadIPPluginJar : add dma3
2025-06-06 23:51:42,040 [INFO] IPUIPlugin:80 - create IPUIPlugin
2025-06-06 23:51:42,041 [INFO] PluginManager:220 - loadIPPluginJar : add extmemmanager
2025-06-06 23:51:42,089 [INFO] IPUIPlugin:80 - create IPUIPlugin
2025-06-06 23:51:42,089 [INFO] PluginManager:220 - loadIPPluginJar : add fatfs
2025-06-06 23:51:42,193 [INFO] IPUIPlugin:80 - create IPUIPlugin
2025-06-06 23:51:42,193 [INFO] PluginManager:220 - loadIPPluginJar : add fmc
2025-06-06 23:51:42,219 [INFO] IPUIPlugin:80 - create IPUIPlugin
2025-06-06 23:51:42,219 [INFO] PluginManager:220 - loadIPPluginJar : add freertos
2025-06-06 23:51:42,257 [INFO] IPUIPlugin:80 - create IPUIPlugin
2025-06-06 23:51:42,257 [INFO] PluginManager:220 - loadIPPluginJar : add genericplugin
2025-06-06 23:51:42,441 [INFO] IPUIPlugin:80 - create IPUIPlugin
2025-06-06 23:51:42,441 [INFO] PluginManager:220 - loadIPPluginJar : add gfxmmu
2025-06-06 23:51:42,716 [INFO] IPUIPlugin:80 - create IPUIPlugin
2025-06-06 23:51:42,716 [INFO] PluginManager:220 - loadIPPluginJar : add gic
2025-06-06 23:51:42,740 [INFO] IPUIPlugin:80 - create IPUIPlugin
2025-06-06 23:51:42,740 [INFO] PluginManager:220 - loadIPPluginJar : add gpio
2025-06-06 23:51:42,791 [INFO] ThirdPartyUpdaterWithRetryManager:70 - Updater plugin not ready yet. [2/15]
2025-06-06 23:51:42,926 [INFO] IPUIPlugin:80 - create IPUIPlugin
2025-06-06 23:51:42,926 [INFO] PluginManager:220 - loadIPPluginJar : add gtzc
2025-06-06 23:51:42,987 [INFO] IPUIPlugin:80 - create IPUIPlugin
2025-06-06 23:51:42,988 [INFO] PluginManager:220 - loadIPPluginJar : add hash
2025-06-06 23:51:43,084 [INFO] IPUIPlugin:80 - create IPUIPlugin
2025-06-06 23:51:43,084 [INFO] PluginManager:220 - loadIPPluginJar : add i2c
2025-06-06 23:51:43,157 [INFO] IPUIPlugin:80 - create IPUIPlugin
2025-06-06 23:51:43,158 [INFO] PluginManager:220 - loadIPPluginJar : add i2s
2025-06-06 23:51:43,230 [INFO] IPUIPlugin:80 - create IPUIPlugin
2025-06-06 23:51:43,231 [INFO] PluginManager:220 - loadIPPluginJar : add i3c
2025-06-06 23:51:43,407 [INFO] IPUIPlugin:80 - create IPUIPlugin
2025-06-06 23:51:43,407 [INFO] PluginManager:220 - loadIPPluginJar : add ipddr
2025-06-06 23:51:43,570 [INFO] IPUIPlugin:80 - create IPUIPlugin
2025-06-06 23:51:43,570 [INFO] PluginManager:220 - loadIPPluginJar : add linkedlist
2025-06-06 23:51:43,633 [INFO] IPUIPlugin:80 - create IPUIPlugin
2025-06-06 23:51:43,634 [INFO] PluginManager:220 - loadIPPluginJar : add lorawan
2025-06-06 23:51:43,706 [INFO] IPUIPlugin:80 - create IPUIPlugin
2025-06-06 23:51:43,707 [INFO] PluginManager:220 - loadIPPluginJar : add ltdc
2025-06-06 23:51:43,730 [INFO] IPUIPlugin:80 - create IPUIPlugin
2025-06-06 23:51:43,731 [INFO] PluginManager:220 - loadIPPluginJar : add mdma
2025-06-06 23:51:43,750 [INFO] IPUIPlugin:80 - create IPUIPlugin
2025-06-06 23:51:43,750 [INFO] PluginManager:220 - loadIPPluginJar : add nvic
2025-06-06 23:51:43,814 [INFO] IPUIPlugin:80 - create IPUIPlugin
2025-06-06 23:51:43,814 [INFO] PluginManager:220 - loadIPPluginJar : add opamp
2025-06-06 23:51:43,937 [INFO] IPUIPlugin:80 - create IPUIPlugin
2025-06-06 23:51:43,937 [INFO] PluginManager:220 - loadIPPluginJar : add openamp
2025-06-06 23:51:44,016 [INFO] IPUIPlugin:80 - create IPUIPlugin
2025-06-06 23:51:44,016 [INFO] PluginManager:220 - loadIPPluginJar : add pdm2pcm
2025-06-06 23:51:44,039 [INFO] IPUIPlugin:80 - create IPUIPlugin
2025-06-06 23:51:44,042 [INFO] PluginManager:220 - loadIPPluginJar : add plateformsettings
2025-06-06 23:51:44,086 [INFO] IPUIPlugin:80 - create IPUIPlugin
2025-06-06 23:51:44,086 [INFO] PluginManager:220 - loadIPPluginJar : add quadspi
2025-06-06 23:51:44,149 [INFO] IPUIPlugin:80 - create IPUIPlugin
2025-06-06 23:51:44,150 [INFO] PluginManager:220 - loadIPPluginJar : add radio
2025-06-06 23:51:44,175 [INFO] IPUIPlugin:80 - create IPUIPlugin
2025-06-06 23:51:44,176 [INFO] PluginManager:220 - loadIPPluginJar : add resmgrutility
2025-06-06 23:51:44,270 [INFO] IPUIPlugin:80 - create IPUIPlugin
2025-06-06 23:51:44,270 [INFO] PluginManager:220 - loadIPPluginJar : add sai
2025-06-06 23:51:44,346 [INFO] IPUIPlugin:80 - create IPUIPlugin
2025-06-06 23:51:44,346 [INFO] PluginManager:220 - loadIPPluginJar : add spi
2025-06-06 23:51:44,482 [INFO] IPUIPlugin:80 - create IPUIPlugin
2025-06-06 23:51:44,483 [INFO] PluginManager:220 - loadIPPluginJar : add stm32_wpan
2025-06-06 23:51:44,532 [INFO] IPUIPlugin:80 - create IPUIPlugin
2025-06-06 23:51:44,532 [INFO] PluginManager:220 - loadIPPluginJar : add tim
2025-06-06 23:51:44,650 [INFO] IPUIPlugin:80 - create IPUIPlugin
2025-06-06 23:51:44,650 [INFO] PluginManager:220 - loadIPPluginJar : add touchsensing
2025-06-06 23:51:44,695 [INFO] IPUIPlugin:80 - create IPUIPlugin
2025-06-06 23:51:44,695 [INFO] PluginManager:220 - loadIPPluginJar : add tracer_emb
2025-06-06 23:51:44,739 [INFO] IPUIPlugin:80 - create IPUIPlugin
2025-06-06 23:51:44,740 [INFO] PluginManager:220 - loadIPPluginJar : add ts
2025-06-06 23:51:44,784 [INFO] IPUIPlugin:80 - create IPUIPlugin
2025-06-06 23:51:44,784 [INFO] PluginManager:220 - loadIPPluginJar : add tsc
2025-06-06 23:51:44,825 [INFO] IPUIPlugin:80 - create IPUIPlugin
2025-06-06 23:51:44,826 [INFO] PluginManager:220 - loadIPPluginJar : add ucpd
2025-06-06 23:51:44,905 [INFO] IPUIPlugin:80 - create IPUIPlugin
2025-06-06 23:51:44,905 [INFO] PluginManager:220 - loadIPPluginJar : add usart
2025-06-06 23:51:44,983 [INFO] IPUIPlugin:80 - create IPUIPlugin
2025-06-06 23:51:44,983 [INFO] PluginManager:220 - loadIPPluginJar : add usbx
2025-06-06 23:51:45,188 [FATAL] Updater:351 - Updater called before beeing initialized
2025-06-06 23:51:45,296 [INFO] RulesReader:64 - Compatibility file has been processed (297 Rules)
2025-06-06 23:51:45,317 [INFO] RulesReader:64 - Compatibility file has been processed (297 Rules)
2025-06-06 23:51:45,338 [INFO] CADModel:165 - CPN selected for project level
2025-06-06 23:51:45,338 [INFO] CADModel:114 - Register for checkConnection events
2025-06-06 23:51:45,339 [FATAL] Updater:351 - Updater called before beeing initialized
2025-06-06 23:51:45,339 [ERROR] CADModel:125 - Updater not yet initialized, retry later 
2025-06-06 23:51:45,602 [FATAL] Updater:351 - Updater called before beeing initialized
2025-06-06 23:51:45,607 [INFO] CADModel:165 - CPN selected for project level
2025-06-06 23:51:45,607 [INFO] CADModel:114 - Register for checkConnection events
2025-06-06 23:51:45,607 [FATAL] Updater:351 - Updater called before beeing initialized
2025-06-06 23:51:45,607 [ERROR] CADModel:125 - Updater not yet initialized, retry later 
2025-06-06 23:51:45,615 [FATAL] Updater:351 - Updater called before beeing initialized
2025-06-06 23:51:45,824 [INFO] ThirdPartyUpdaterWithRetryManager:70 - Updater plugin not ready yet. [3/15]
2025-06-06 23:51:45,953 [FATAL] Updater:351 - Updater called before beeing initialized
2025-06-06 23:51:45,974 [INFO] DbMcusAds:53 - JSON generation date=Wed May 07 11:07:55 CEST 2025 (1746608875484)
2025-06-06 23:51:45,974 [FATAL] Updater:351 - Updater called before beeing initialized
2025-06-06 23:51:46,036 [WARN] DetailPanel:346 - Failed to get advertising image, set to default
2025-06-06 23:51:46,379 [FATAL] Updater:351 - Updater called before beeing initialized
2025-06-06 23:51:46,383 [FATAL] Updater:351 - Updater called before beeing initialized
2025-06-06 23:51:46,383 [FATAL] Updater:351 - Updater called before beeing initialized
2025-06-06 23:51:46,383 [WARN] DetailPanel:346 - Failed to get advertising image, set to default
2025-06-06 23:51:46,384 [FATAL] Updater:351 - Updater called before beeing initialized
2025-06-06 23:51:46,473 [ERROR] Updater:1198 - MainUpdater not yet initialized. External WinMGr cannot be set.
2025-06-06 23:51:46,488 [INFO] Updater:1134 - Updater Version found : 6.13.0
2025-06-06 23:51:46,512 [INFO] ApplicationProperties:184 - Using Application install path: C:\ST\STM32CubeIDE_1.17.0\STM32CubeIDE\plugins\com.st.stm32cube.common.mx_6.13.0.202411220809
2025-06-06 23:51:48,100 [ERROR] LogOutputStream:75 - [STDERR_REDIRECT] Jun 06, 2025 11:51:48 PM java.util.prefs.WindowsPreferences <init>
2025-06-06 23:51:48,103 [ERROR] LogOutputStream:75 - [STDERR_REDIRECT] WARNING: Could not open/create prefs root node Software\JavaSoft\Prefs at root 0xffffffff80000002. Windows RegCreateKeyEx(...) returned error code 5.
2025-06-06 23:51:48,103 [ERROR] LogOutputStream:75 - [STDERR_REDIRECT] 
2025-06-06 23:51:48,683 [INFO] MainUpdater:2872 - connection check result : 10
2025-06-06 23:51:48,684 [INFO] MainUpdater:289 - Updater Check For Update Now.
2025-06-06 23:51:48,685 [INFO] MicroXplorer:498 - Change Database Version : DB.6.0.130
2025-06-06 23:51:48,782 [INFO] McuFinderGlobals:63 - Set McuFinder mode to 2 (CubeIDE integrated)
2025-06-06 23:51:48,800 [INFO] UserAuth:486 - Internet connection configuration mode: 1
2025-06-06 23:51:48,916 [INFO] JxBrowserEngine:152 - Initiate JxBrowser Engine with user profile folder
2025-06-06 23:51:48,919 [WARN] MainUpdater:1193 - Updater busy. Cannot search thirdparties
2025-06-06 23:51:48,919 [INFO] ThirdPartyUpdaterWithRetryManager:96 - Updater plugin is busy. [1/15]
2025-06-06 23:51:49,487 [INFO] CheckServerUpdateThread:120 - End of CheckServer Thread
2025-06-06 23:51:51,623 [INFO] WebApp:168 - Instantiating new browser for Auth
2025-06-06 23:51:52,764 [WARN] PackLoader:240 - Cannot read IP mode file for STMicroelectronics.FP-SNS-MOTENVWB1.1.4.0
2025-06-06 23:51:52,811 [WARN] PackLoader:240 - Cannot read IP mode file for STMicroelectronics.FP-ATR-ASTRA1.2.0.2
2025-06-06 23:51:52,898 [WARN] PackLoader:240 - Cannot read IP mode file for STMicroelectronics.FP-ATR-ASTRA1.2.0.1
2025-06-06 23:51:53,038 [WARN] PackLoader:240 - Cannot read IP mode file for STMicroelectronics.X-CUBE-SMBUS.2.1.0
2025-06-06 23:51:53,072 [WARN] PackLoader:240 - Cannot read IP mode file for STMicroelectronics.X-CUBE-WB05N.1.1.0
2025-06-06 23:51:53,103 [WARN] PackLoader:240 - Cannot read IP mode file for STMicroelectronics.X-CUBE-ST60.1.0.0
2025-06-06 23:51:53,264 [WARN] PackLoader:240 - Cannot read IP mode file for STMicroelectronics.X-CUBE-AZRTOS-F7.1.1.0
2025-06-06 23:51:53,339 [WARN] PackLoader:240 - Cannot read IP mode file for STMicroelectronics.FP-SNS-FLIGHT1.5.0.2
2025-06-06 23:51:53,577 [WARN] PackLoader:240 - Cannot read IP mode file for Infineon.AIROC-Wi-Fi-Bluetooth-STM32.1.7.0
2025-06-06 23:51:53,716 [WARN] PackLoader:240 - Cannot read IP mode file for STMicroelectronics.X-CUBE-DISPLAY.3.0.0
2025-06-06 23:51:53,863 [WARN] PackLoader:240 - Cannot read IP mode file for STMicroelectronics.X-CUBE-BLE1.7.0.0
2025-06-06 23:51:53,927 [WARN] PackLoader:240 - Cannot read IP mode file for STMicroelectronics.X-CUBE-NFC10.1.0.0
2025-06-06 23:51:54,041 [INFO] WebApp:449 - Apply proxy settings
2025-06-06 23:51:54,042 [INFO] WebApp:534 - Chromium requires no authentication
2025-06-06 23:51:54,060 [INFO] WebApp:477 - Direct internet connection detected
2025-06-06 23:51:54,118 [WARN] PackLoader:240 - Cannot read IP mode file for STMicroelectronics.X-CUBE-BLEMGR.4.0.0
2025-06-06 23:51:54,155 [INFO] WebApp:880 - Register for checkConnection events
2025-06-06 23:51:54,155 [INFO] WebApp:449 - Apply proxy settings
2025-06-06 23:51:54,155 [INFO] WebApp:534 - Chromium requires no authentication
2025-06-06 23:51:54,157 [INFO] WebApp:477 - Direct internet connection detected
2025-06-06 23:51:54,180 [WARN] PackLoader:240 - Cannot read IP mode file for emotas.I-CUBE-CANOPEN.1.3.0
2025-06-06 23:51:54,206 [WARN] PackLoader:240 - Cannot read IP mode file for STMicroelectronics.X-CUBE-AI.10.0.0
2025-06-06 23:51:54,234 [WARN] PackLoader:240 - Cannot read IP mode file for STMicroelectronics.FP-SNS-SMARTAG2.1.2.0
2025-06-06 23:51:54,257 [WARN] PackLoader:240 - Cannot read IP mode file for STMicroelectronics.FP-SNS-FLIGHT1.5.1.0
2025-06-06 23:51:54,646 [WARN] PackLoader:240 - Cannot read IP mode file for STMicroelectronics.X-CUBE-MEMS1.11.1.0
2025-06-06 23:51:55,115 [INFO] WebApp:187 - Connection restablished
2025-06-06 23:51:55,217 [INFO] WebApp:221 - Starting web application
2025-06-06 23:51:55,218 [INFO] WebApp:579 - Web application path used C:\ST\STM32CubeIDE_1.17.0\STM32CubeIDE\plugins\com.st.stm32cube.common.mx_6.13.0.202411220809\db\plugins\mcufinder\reactClient1\index.html
2025-06-06 23:51:56,150 [INFO] LogOutputStream:77 - [STDOUT_REDIRECT] 1 : Invalid condition id : UX_CORESTACK_Condition cause : null
2025-06-06 23:51:56,151 [INFO] LogOutputStream:77 - [STDOUT_REDIRECT] 1 : Invalid condition id : UX_CORESTACK_Condition cause : null
2025-06-06 23:51:56,154 [INFO] LogOutputStream:77 - [STDOUT_REDIRECT] 1 : Invalid condition id : UX_CORESTACK_Condition cause : null
2025-06-06 23:51:56,158 [INFO] LogOutputStream:77 - [STDOUT_REDIRECT] 1 : Invalid condition id : UX_CORESTACK_Condition cause : null
2025-06-06 23:51:56,160 [INFO] LogOutputStream:77 - [STDOUT_REDIRECT] 1 : Invalid condition id : UX_CORESTACK_Condition cause : null
2025-06-06 23:51:56,171 [WARN] PackLoader:240 - Cannot read IP mode file for STMicroelectronics.X-CUBE-AZRTOS-WL.2.0.0
2025-06-06 23:51:56,254 [WARN] PackLoader:240 - Cannot read IP mode file for STMicroelectronics.FP-SNS-MOTENV1.5.0.0
2025-06-06 23:51:56,300 [WARN] PackLoader:240 - Cannot read IP mode file for wolfSSL.I-CUBE-wolfMQTT.1.19.0
2025-06-06 23:51:56,371 [WARN] PackLoader:240 - Cannot read IP mode file for WES.I-CUBE-Cesium.1.3.0
2025-06-06 23:51:56,411 [WARN] PackLoader:240 - Cannot read IP mode file for STMicroelectronics.X-CUBE-BLE2.3.3.0
2025-06-06 23:51:56,447 [WARN] PackLoader:240 - Cannot read IP mode file for STMicroelectronics.X-CUBE-NFC9.1.0.0
2025-06-06 23:51:56,478 [WARN] PackLoader:240 - Cannot read IP mode file for STMicroelectronics.X-CUBE-BLE1.7.1.0
2025-06-06 23:51:56,503 [WARN] PackLoader:240 - Cannot read IP mode file for STMicroelectronics.X-CUBE-AI.10.1.0
2025-06-06 23:51:56,688 [WARN] PackLoader:240 - Cannot read IP mode file for STMicroelectronics.X-CUBE-MEMS1.11.2.0
2025-06-06 23:51:56,961 [INFO] UserAuth:486 - Internet connection configuration mode: 1
2025-06-06 23:51:57,693 [WARN] PackLoader:240 - Cannot read IP mode file for STMicroelectronics.X-CUBE-AZRTOS-G0.1.1.0
2025-06-06 23:51:57,735 [WARN] PackLoader:240 - Cannot read IP mode file for STMicroelectronics.X-CUBE-SAFEA1.1.2.2
2025-06-06 23:51:57,809 [WARN] PackLoader:240 - Cannot read IP mode file for STMicroelectronics.X-CUBE-NFC4.3.0.0
2025-06-06 23:51:57,846 [WARN] PackLoader:240 - Cannot read IP mode file for EmbeddedOffice.I-CUBE-FS-RTOS.1.0.1
2025-06-06 23:51:57,874 [WARN] PackLoader:240 - Cannot read IP mode file for STMicroelectronics.X-CUBE-WB05N.2.0.0
2025-06-06 23:51:57,903 [WARN] PackLoader:240 - Cannot read IP mode file for STMicroelectronics.X-CUBE-TCPP.4.2.0
2025-06-06 23:51:57,935 [WARN] PackLoader:240 - Cannot read IP mode file for RealThread.X-CUBE-RT-Thread_Nano.4.1.1
2025-06-06 23:51:57,970 [WARN] PackLoader:240 - Cannot read IP mode file for STMicroelectronics.FP-ATR-SIGFOX1.3.2.0
2025-06-06 23:51:58,004 [WARN] ConditionMgr:438 - getConditionDescription Invalid condition id : Cortex-A Device cause : null
2025-06-06 23:51:58,186 [WARN] ConditionMgr:1044 - genDependencies : Invalid condition id : Cortex-A Device cause : null
2025-06-06 23:51:58,187 [WARN] ConditionMgr:1044 - genDependencies : Invalid condition id : Cortex-A Device cause : null
2025-06-06 23:51:58,187 [WARN] ConditionMgr:1044 - genDependencies : Invalid condition id : Cortex-A Device cause : null
2025-06-06 23:51:58,236 [WARN] PackLoader:240 - Cannot read IP mode file for STMicroelectronics.X-CUBE-EEPRMA1.5.1.0
2025-06-06 23:51:58,265 [WARN] PackLoader:240 - Cannot read IP mode file for wolfSSL.I-CUBE-wolfSSL.5.7.4
2025-06-06 23:51:58,297 [WARN] PackLoader:240 - Cannot read IP mode file for ITTIA_DB.I-CUBE-ITTIADB.8.9.0
2025-06-06 23:51:58,399 [WARN] PackLoader:240 - Cannot read IP mode file for SEGGER.I-CUBE-embOS.1.3.1
2025-06-06 23:51:58,527 [WARN] PackLoader:240 - Cannot read IP mode file for STMicroelectronics.X-CUBE-ALGOBUILD.1.4.0
2025-06-06 23:51:58,569 [WARN] PackLoader:240 - Cannot read IP mode file for STMicroelectronics.X-CUBE-AI.9.1.0
2025-06-06 23:51:58,644 [WARN] PackLoader:240 - Cannot read IP mode file for STMicroelectronics.X-CUBE-AZRTOS-F4.1.1.0
2025-06-06 23:51:58,681 [WARN] PackLoader:240 - Cannot read IP mode file for Avnet-IotConnect.X-CUBE-IoTC-DA16k-PMOD.1.0.0
2025-06-06 23:51:58,710 [WARN] PackLoader:240 - Cannot read IP mode file for STMicroelectronics.X-CUBE-ISPU.2.1.0
2025-06-06 23:51:58,766 [WARN] PackLoader:240 - Cannot read IP mode file for STMicroelectronics.X-CUBE-AZRTOS-L5.2.0.0
2025-06-06 23:51:58,815 [WARN] PackLoader:240 - Cannot read IP mode file for STMicroelectronics.X-CUBE-NFC6.3.1.0
2025-06-06 23:51:58,860 [WARN] PackLoader:240 - Cannot read IP mode file for STMicroelectronics.X-CUBE-DPower.1.2.0
2025-06-06 23:51:58,898 [WARN] PackLoader:240 - Cannot read IP mode file for STMicroelectronics.X-CUBE-FREERTOS.1.3.1
2025-06-06 23:51:58,935 [WARN] PackLoader:240 - Cannot read IP mode file for STMicroelectronics.X-CUBE-FREERTOS.1.3.0
2025-06-06 23:51:58,964 [WARN] PackLoader:240 - Cannot read IP mode file for STMicroelectronics.X-CUBE-NFC7.1.0.1
2025-06-06 23:51:58,996 [WARN] PackLoader:240 - Cannot read IP mode file for STMicroelectronics.X-CUBE-DPower.1.3.0
2025-06-06 23:51:59,065 [WARN] ConditionMgr:438 - getConditionDescription Invalid condition id : LAN8742 Phy interface Condition cause : null
2025-06-06 23:51:59,067 [WARN] PackLoader:240 - Cannot read IP mode file for STMicroelectronics.X-CUBE-AZRTOS-L4.2.0.0
2025-06-06 23:51:59,068 [WARN] ConditionMgr:1044 - genDependencies : Invalid condition id : LAN8742 Phy interface Condition cause : null
2025-06-06 23:51:59,069 [WARN] ConditionMgr:1044 - genDependencies : Invalid condition id : LAN8742 Phy interface Condition cause : null
2025-06-06 23:51:59,070 [WARN] ConditionMgr:1044 - genDependencies : Invalid condition id : LAN8742 Phy interface Condition cause : null
2025-06-06 23:51:59,117 [WARN] PackLoader:240 - Cannot read IP mode file for STMicroelectronics.X-CUBE-SFXS2LP1.4.0.0
2025-06-06 23:51:59,186 [WARN] PackLoader:240 - Cannot read IP mode file for STMicroelectronics.X-CUBE-AZRTOS-H7.3.3.0
2025-06-06 23:51:59,268 [WARN] ConditionMgr:438 - getConditionDescription Invalid condition id : UX DEVICE CLASS RTOS Condition cause : null
2025-06-06 23:51:59,269 [WARN] ConditionMgr:438 - getConditionDescription Invalid condition id : UX DEVICE CLASS RTOS Condition cause : null
2025-06-06 23:51:59,275 [WARN] PackLoader:240 - Cannot read IP mode file for STMicroelectronics.X-CUBE-AZRTOS-WB.2.0.0
2025-06-06 23:51:59,276 [WARN] ConditionMgr:1044 - genDependencies : Invalid condition id : UX DEVICE CLASS RTOS Condition cause : null
2025-06-06 23:51:59,276 [WARN] ConditionMgr:1044 - genDependencies : Invalid condition id : UX DEVICE CLASS RTOS Condition cause : null
2025-06-06 23:51:59,277 [WARN] ConditionMgr:1044 - genDependencies : Invalid condition id : UX DEVICE CLASS RTOS Condition cause : null
2025-06-06 23:51:59,277 [WARN] ConditionMgr:1044 - genDependencies : Invalid condition id : UX DEVICE CLASS RTOS Condition cause : null
2025-06-06 23:51:59,277 [WARN] ConditionMgr:1044 - genDependencies : Invalid condition id : UX DEVICE CLASS RTOS Condition cause : null
2025-06-06 23:51:59,685 [WARN] PackLoader:240 - Cannot read IP mode file for STMicroelectronics.X-CUBE-GNSS1.7.0.1
2025-06-06 23:51:59,779 [WARN] PackLoader:240 - Cannot read IP mode file for STMicroelectronics.X-CUBE-TOUCHGFX.4.25.0
2025-06-06 23:51:59,991 [WARN] PackLoader:240 - Cannot read IP mode file for STMicroelectronics.FP-SNS-STBOX1.2.0.0
2025-06-06 23:52:00,191 [WARN] PackLoader:240 - Cannot read IP mode file for STMicroelectronics.X-CUBE-SUBG2.5.0.0
2025-06-06 23:52:00,416 [WARN] PackLoader:240 - Cannot read IP mode file for STMicroelectronics.X-CUBE-AZRTOS-H7RS.1.1.0
2025-06-06 23:52:00,481 [WARN] PackLoader:240 - Cannot read IP mode file for Cesanta.I-CUBE-Mongoose.7.13.0
2025-06-06 23:52:00,580 [WARN] PackLoader:240 - Cannot read IP mode file for STMicroelectronics.X-CUBE-AZRTOS-G4.2.0.0
2025-06-06 23:52:00,615 [WARN] PackLoader:240 - Cannot read IP mode file for STMicroelectronics.X-CUBE-NFC7.2.0.0
2025-06-06 23:52:00,769 [WARN] PackLoader:240 - Cannot read IP mode file for STMicroelectronics.X-CUBE-IPS.3.1.0
2025-06-06 23:52:00,857 [WARN] PackLoader:240 - Cannot read IP mode file for STMicroelectronics.X-CUBE-ALS.1.0.2
2025-06-06 23:52:00,887 [WARN] PackLoader:240 - Cannot read IP mode file for STMicroelectronics.X-CUBE-TOUCHGFX.4.24.2
2025-06-06 23:52:00,932 [WARN] PackLoader:240 - Cannot read IP mode file for wolfSSL.I-CUBE-wolfTPM.3.4.0
2025-06-06 23:52:00,973 [WARN] PackLoader:240 - Cannot read IP mode file for portGmbH.I-Cube-SoM-uGOAL.1.1.0
2025-06-06 23:52:01,027 [WARN] PackLoader:240 - Cannot read IP mode file for STMicroelectronics.X-CUBE-AZRTOS-H7RS.1.0.0
2025-06-06 23:52:01,069 [WARN] PackLoader:240 - Cannot read IP mode file for STMicroelectronics.X-CUBE-TOF1.3.4.2
2025-06-06 23:52:01,119 [WARN] PackLoader:240 - Cannot read IP mode file for STMicroelectronics.X-CUBE-TOF1.3.4.3
2025-06-06 23:52:01,163 [WARN] PackLoader:240 - Cannot read IP mode file for wolfSSL.I-CUBE-wolfSSH.1.4.17
2025-06-06 23:52:01,163 [INFO] ThirdParty:978 - Integrity check success = true
2025-06-06 23:52:01,163 [INFO] IntegrityCheckThread:100 - exiting critical section [integrity check]
2025-06-06 23:52:01,163 [INFO] IntegrityCheckThread:103 - End integrity checks thread
