2025-06-20 01:14:28,083 [ERROR] LogOutputStream:75 - [STDERR_REDIRECT] 
2025-06-20 15:24:03,609 [INFO] Activator:176 - 


2025-06-20 15:24:03,613 [INFO] Activator:177 - !SESSION log4j initialized
2025-06-20 15:24:23,387 [INFO] LogOutputStream:77 - [STDOUT_REDIRECT] 
2025-06-20 15:24:32,689 [INFO] ApplicationProperties:184 - Using Application install path: C:\ST\STM32CubeIDE_1.17.0\STM32CubeIDE\plugins\com.st.stm32cube.common.mx_6.13.0.202411220809
2025-06-20 15:24:32,720 [INFO] DbMcusXml:78 - Set database path to: C:\ST\STM32CubeIDE_1.17.0\STM32CubeIDE\plugins\com.st.stm32cube.common.mx_6.13.0.202411220809\\db\/mcu/
2025-06-20 15:24:32,757 [INFO] ApiDb:274 - Set plugin database path to: C:\ST\STM32CubeIDE_1.17.0\STM32CubeIDE\plugins\com.st.stm32cube.common.mx_6.13.0.202411220809\\db\/plugins/boardmanager/
2025-06-20 15:24:32,758 [WARN] ApiDb:259 - Overriding images path with different value:  => C:\ST\STM32CubeIDE_1.17.0\STM32CubeIDE\plugins\com.st.stm32cube.common.mx_6.13.0.202411220809\\db\/plugins/mcufinder/images/
2025-06-20 15:24:32,798 [INFO] ApiDb:250 - Set database path to: C:\Users\User\.stmcufinder\plugins\mcufinder//mcu/
2025-06-20 15:24:32,801 [INFO] DbMcusAds:125 - Set database path to: C:\Users\User\.stmcufinder\plugins\mcufinder//mcu/
2025-06-20 15:24:32,804 [INFO] CrossReferenceDbSqlite:203 - Set database path to: C:\Users\User\.stmcufinder\plugins\mcufinder//mcu/cs/
2025-06-20 15:24:33,116 [INFO] RulesReader:64 - Compatibility file has been processed (297 Rules)
2025-06-20 15:24:33,401 [INFO] DbMcusXml:78 - Set database path to: C:\ST\STM32CubeIDE_1.17.0\STM32CubeIDE\plugins\com.st.stm32cube.common.mx_6.13.0.202411220809\\db\/mcu/
2025-06-20 15:24:33,401 [INFO] ApiDb:274 - Set plugin database path to: C:\ST\STM32CubeIDE_1.17.0\STM32CubeIDE\plugins\com.st.stm32cube.common.mx_6.13.0.202411220809\\db\/plugins/boardmanager/
2025-06-20 15:24:33,401 [INFO] ApiDb:261 - Set plugin images path to: C:\ST\STM32CubeIDE_1.17.0\STM32CubeIDE\plugins\com.st.stm32cube.common.mx_6.13.0.202411220809\\db\/plugins/mcufinder/images/
2025-06-20 15:24:33,402 [WARN] DbFile:41 - Overriding database path with different value: C:\Users\User\.stmcufinder\plugins\mcufinder/ => C:\Users\User\.stmcufinder\plugins\mcufinder
2025-06-20 15:24:33,402 [INFO] ApiDb:250 - Set database path to: C:\Users\User\.stmcufinder\plugins\mcufinder//mcu/
2025-06-20 15:24:33,403 [WARN] DbFile:41 - Overriding database path with different value: C:\Users\User\.stmcufinder\plugins\mcufinder/ => C:\Users\User\.stmcufinder\plugins\mcufinder
2025-06-20 15:24:33,403 [INFO] DbMcusAds:125 - Set database path to: C:\Users\User\.stmcufinder\plugins\mcufinder//mcu/
2025-06-20 15:24:33,403 [WARN] DbFile:41 - Overriding database path with different value: C:\Users\User\.stmcufinder\plugins\mcufinder/ => C:\Users\User\.stmcufinder\plugins\mcufinder
2025-06-20 15:24:33,403 [WARN] DbFile:41 - Overriding database path with different value: C:\Users\User\.stmcufinder\plugins\mcufinder/ => C:\Users\User\.stmcufinder\plugins\mcufinder
2025-06-20 15:24:33,403 [INFO] CrossReferenceDbSqlite:203 - Set database path to: C:\Users\User\.stmcufinder\plugins\mcufinder//mcu/cs/
2025-06-20 15:24:33,529 [INFO] MainPanel:272 - HeapMemory: 268435456
2025-06-20 15:24:33,682 [INFO] DbMcusXml:78 - Set database path to: C:\ST\STM32CubeIDE_1.17.0\STM32CubeIDE\plugins\com.st.stm32cube.common.mx_6.13.0.202411220809\\db\/mcu/
2025-06-20 15:24:33,682 [INFO] ApiDb:274 - Set plugin database path to: C:\ST\STM32CubeIDE_1.17.0\STM32CubeIDE\plugins\com.st.stm32cube.common.mx_6.13.0.202411220809\\db\/plugins/boardmanager/
2025-06-20 15:24:33,682 [INFO] ApiDb:261 - Set plugin images path to: C:\ST\STM32CubeIDE_1.17.0\STM32CubeIDE\plugins\com.st.stm32cube.common.mx_6.13.0.202411220809\\db\/plugins/mcufinder/images/
2025-06-20 15:24:33,682 [WARN] DbFile:41 - Overriding database path with different value: C:\Users\User\.stmcufinder\plugins\mcufinder/ => C:\Users\User\.stmcufinder\plugins\mcufinder
2025-06-20 15:24:33,682 [INFO] ApiDb:250 - Set database path to: C:\Users\User\.stmcufinder\plugins\mcufinder//mcu/
2025-06-20 15:24:33,682 [WARN] DbFile:41 - Overriding database path with different value: C:\Users\User\.stmcufinder\plugins\mcufinder/ => C:\Users\User\.stmcufinder\plugins\mcufinder
2025-06-20 15:24:33,682 [INFO] DbMcusAds:125 - Set database path to: C:\Users\User\.stmcufinder\plugins\mcufinder//mcu/
2025-06-20 15:24:33,682 [WARN] DbFile:41 - Overriding database path with different value: C:\Users\User\.stmcufinder\plugins\mcufinder/ => C:\Users\User\.stmcufinder\plugins\mcufinder
2025-06-20 15:24:33,682 [WARN] DbFile:41 - Overriding database path with different value: C:\Users\User\.stmcufinder\plugins\mcufinder/ => C:\Users\User\.stmcufinder\plugins\mcufinder
2025-06-20 15:24:33,682 [INFO] CrossReferenceDbSqlite:203 - Set database path to: C:\Users\User\.stmcufinder\plugins\mcufinder//mcu/cs/
2025-06-20 15:24:33,731 [INFO] ApplicationProperties:184 - Using Application install path: C:\ST\STM32CubeIDE_1.17.0\STM32CubeIDE\plugins\com.st.stm32cube.common.mx_6.13.0.202411220809
2025-06-20 15:24:33,734 [INFO] PluginManage:196 - Search for loadable plugins [exclusion list=, ]
2025-06-20 15:24:33,736 [INFO] PluginManage:310 - Check plugin analytics
2025-06-20 15:24:38,545 [INFO] AnalyticsPlugin:253 - Accepted Software Licenses: 
2025-06-20 15:24:38,545 [INFO] AnalyticsPlugin:255 - Accepted CMSIS Pack Licenses: 
2025-06-20 15:24:38,545 [INFO] AnalyticsPlugin:257 - Accepted Firmware Licenses: FW.F4.1.28.0
2025-06-20 15:24:38,560 [INFO] PluginManage:359 - Loaded plugin analytics (category:tool,tabindex:-1)
2025-06-20 15:24:38,560 [INFO] PluginManage:310 - Check plugin cadmodel
2025-06-20 15:24:38,592 [INFO] CADModel:105 - Init CAD model plugin
2025-06-20 15:24:38,592 [INFO] PluginManage:359 - Loaded plugin cadmodel (category:power,tabindex:5)
2025-06-20 15:24:38,592 [INFO] PluginManage:310 - Check plugin clock
2025-06-20 15:24:38,639 [INFO] PluginManage:359 - Loaded plugin clock (category:base,tabindex:2)
2025-06-20 15:24:38,639 [INFO] PluginManage:310 - Check plugin ddr
2025-06-20 15:24:38,654 [INFO] PluginManage:359 - Loaded plugin ddr (category:tool,tabindex:6)
2025-06-20 15:24:38,654 [INFO] PluginManage:310 - Check plugin filemanager
2025-06-20 15:24:38,953 [INFO] PluginManage:359 - Loaded plugin filemanager (category:base,tabindex:10)
2025-06-20 15:24:38,953 [INFO] PluginManage:310 - Check plugin ipmanager
2025-06-20 15:24:38,969 [INFO] PluginManage:359 - Loaded plugin ipmanager (category:base,tabindex:5)
2025-06-20 15:24:38,969 [INFO] PluginManage:310 - Check plugin lpbam
2025-06-20 15:24:39,002 [INFO] PluginManage:359 - Loaded plugin lpbam (category:base,tabindex:0)
2025-06-20 15:24:39,002 [INFO] PluginManage:310 - Check plugin memorymap
2025-06-20 15:24:39,049 [INFO] PluginManage:359 - Loaded plugin memorymap (category:base,tabindex:4)
2025-06-20 15:24:39,049 [INFO] PluginManage:310 - Check plugin pinoutandconfiguration
2025-06-20 15:24:39,065 [INFO] PluginManage:359 - Loaded plugin pinoutandconfiguration (category:base,tabindex:1)
2025-06-20 15:24:39,081 [INFO] PluginManage:310 - Check plugin pinoutconfig
2025-06-20 15:24:39,277 [WARN] SupportedApi:132 - Cannot load RTOS API schema: s4s-elt-must-match.1: The content of 'definitions' must match (annotation?, (simpleType | complexType)?, (unique | key | keyref)*)). A problem was found starting at: attribute.
2025-06-20 15:24:39,520 [INFO] PluginManage:359 - Loaded plugin pinoutconfig (category:base,tabindex:0)
2025-06-20 15:24:39,520 [INFO] PluginManage:310 - Check plugin power
2025-06-20 15:24:39,567 [INFO] PluginManage:359 - Loaded plugin power (category:power,tabindex:4)
2025-06-20 15:24:39,567 [INFO] PluginManage:310 - Check plugin projectmanager
2025-06-20 15:24:39,583 [INFO] PluginManage:359 - Loaded plugin projectmanager (category:projectmanager,tabindex:4)
2025-06-20 15:24:39,583 [INFO] PluginManage:310 - Check plugin rif
2025-06-20 15:24:39,614 [INFO] PluginManage:359 - Loaded plugin rif (category:base,tabindex:3)
2025-06-20 15:24:39,614 [INFO] PluginManage:310 - Check plugin thirdparty
2025-06-20 15:24:40,113 [INFO] PluginManage:359 - Loaded plugin thirdparty (category:base,tabindex:-1)
2025-06-20 15:24:40,114 [INFO] PluginManage:310 - Check plugin tools
2025-06-20 15:24:40,113 [WARN] IntegrityCheckThread:84 - waiting for thirdparty lock release [integrity check]
2025-06-20 15:24:40,123 [INFO] IntegrityCheckThread:86 - entering critical section [integrity check]
2025-06-20 15:24:40,125 [INFO] ThirdPartyUpdaterWithRetryManager:70 - Updater plugin not ready yet. [1/15]
2025-06-20 15:24:40,218 [INFO] PluginManage:359 - Loaded plugin tools (category:base,tabindex:7)
2025-06-20 15:24:40,218 [INFO] PluginManage:310 - Check plugin tutovideos
2025-06-20 15:24:40,567 [INFO] PluginManage:359 - Loaded plugin tutovideos (category:base,tabindex:-1)
2025-06-20 15:24:40,567 [INFO] PluginManage:310 - Check plugin updater
2025-06-20 15:24:40,606 [INFO] PluginManage:359 - Loaded plugin updater (category:base,tabindex:12)
2025-06-20 15:24:40,606 [INFO] PluginManage:310 - Check plugin userauth
2025-06-20 15:24:40,621 [INFO] UserAuth:118 - Init User Auth plugin
2025-06-20 15:24:40,621 [INFO] PluginManage:359 - Loaded plugin userauth (category:base,tabindex:14)
2025-06-20 15:24:40,621 [INFO] PluginManage:283 - PluginManage : Loaded plugins [18]
2025-06-20 15:24:41,093 [INFO] PinOutPanel:1589 - setPackage(No Configuration,No Configuration)
2025-06-20 15:24:41,265 [INFO] CADModel:165 - CPN selected for project level
2025-06-20 15:24:41,265 [INFO] CADModel:114 - Register for checkConnection events
2025-06-20 15:24:41,312 [INFO] IPUIPlugin:80 - create IPUIPlugin
2025-06-20 15:24:41,312 [INFO] PluginManager:220 - loadIPPluginJar : add adc
2025-06-20 15:24:41,405 [INFO] IPUIPlugin:80 - create IPUIPlugin
2025-06-20 15:24:41,405 [INFO] PluginManager:220 - loadIPPluginJar : add aes
2025-06-20 15:24:41,515 [INFO] IPUIPlugin:80 - create IPUIPlugin
2025-06-20 15:24:41,515 [INFO] PluginManager:220 - loadIPPluginJar : add can
2025-06-20 15:24:41,562 [INFO] IPUIPlugin:80 - create IPUIPlugin
2025-06-20 15:24:41,562 [INFO] PluginManager:220 - loadIPPluginJar : add comp
2025-06-20 15:24:41,655 [INFO] IPUIPlugin:80 - create IPUIPlugin
2025-06-20 15:24:41,655 [INFO] PluginManager:220 - loadIPPluginJar : add cryp
2025-06-20 15:24:41,671 [INFO] IPUIPlugin:80 - create IPUIPlugin
2025-06-20 15:24:41,671 [INFO] PluginManager:220 - loadIPPluginJar : add ddr_ctrl_phy
2025-06-20 15:24:41,749 [INFO] IPUIPlugin:80 - create IPUIPlugin
2025-06-20 15:24:41,749 [INFO] PluginManager:220 - loadIPPluginJar : add dfsdm
2025-06-20 15:24:41,780 [INFO] IPUIPlugin:80 - create IPUIPlugin
2025-06-20 15:24:41,780 [INFO] PluginManager:220 - loadIPPluginJar : add dma
2025-06-20 15:24:41,890 [INFO] IPUIPlugin:80 - create IPUIPlugin
2025-06-20 15:24:41,890 [INFO] PluginManager:220 - loadIPPluginJar : add dma3
2025-06-20 15:24:42,015 [INFO] IPUIPlugin:80 - create IPUIPlugin
2025-06-20 15:24:42,015 [INFO] PluginManager:220 - loadIPPluginJar : add extmemmanager
2025-06-20 15:24:42,062 [INFO] IPUIPlugin:80 - create IPUIPlugin
2025-06-20 15:24:42,062 [INFO] PluginManager:220 - loadIPPluginJar : add fatfs
2025-06-20 15:24:42,194 [INFO] IPUIPlugin:80 - create IPUIPlugin
2025-06-20 15:24:42,194 [INFO] PluginManager:220 - loadIPPluginJar : add fmc
2025-06-20 15:24:42,227 [INFO] IPUIPlugin:80 - create IPUIPlugin
2025-06-20 15:24:42,228 [INFO] PluginManager:220 - loadIPPluginJar : add freertos
2025-06-20 15:24:42,280 [INFO] IPUIPlugin:80 - create IPUIPlugin
2025-06-20 15:24:42,280 [INFO] PluginManager:220 - loadIPPluginJar : add genericplugin
2025-06-20 15:24:42,531 [INFO] IPUIPlugin:80 - create IPUIPlugin
2025-06-20 15:24:42,531 [INFO] PluginManager:220 - loadIPPluginJar : add gfxmmu
2025-06-20 15:24:42,891 [INFO] IPUIPlugin:80 - create IPUIPlugin
2025-06-20 15:24:42,891 [INFO] PluginManager:220 - loadIPPluginJar : add gic
2025-06-20 15:24:42,919 [INFO] IPUIPlugin:80 - create IPUIPlugin
2025-06-20 15:24:42,919 [INFO] PluginManager:220 - loadIPPluginJar : add gpio
2025-06-20 15:24:43,149 [INFO] ThirdPartyUpdaterWithRetryManager:70 - Updater plugin not ready yet. [2/15]
2025-06-20 15:24:43,149 [INFO] IPUIPlugin:80 - create IPUIPlugin
2025-06-20 15:24:43,149 [INFO] PluginManager:220 - loadIPPluginJar : add gtzc
2025-06-20 15:24:43,165 [INFO] IPUIPlugin:80 - create IPUIPlugin
2025-06-20 15:24:43,165 [INFO] PluginManager:220 - loadIPPluginJar : add hash
2025-06-20 15:24:43,290 [INFO] IPUIPlugin:80 - create IPUIPlugin
2025-06-20 15:24:43,290 [INFO] PluginManager:220 - loadIPPluginJar : add i2c
2025-06-20 15:24:43,399 [INFO] IPUIPlugin:80 - create IPUIPlugin
2025-06-20 15:24:43,399 [INFO] PluginManager:220 - loadIPPluginJar : add i2s
2025-06-20 15:24:43,497 [INFO] IPUIPlugin:80 - create IPUIPlugin
2025-06-20 15:24:43,497 [INFO] PluginManager:220 - loadIPPluginJar : add i3c
2025-06-20 15:24:43,763 [INFO] IPUIPlugin:80 - create IPUIPlugin
2025-06-20 15:24:43,763 [INFO] PluginManager:220 - loadIPPluginJar : add ipddr
2025-06-20 15:24:44,013 [INFO] IPUIPlugin:80 - create IPUIPlugin
2025-06-20 15:24:44,013 [INFO] PluginManager:220 - loadIPPluginJar : add linkedlist
2025-06-20 15:24:44,013 [INFO] IPUIPlugin:80 - create IPUIPlugin
2025-06-20 15:24:44,013 [INFO] PluginManager:220 - loadIPPluginJar : add lorawan
2025-06-20 15:24:44,129 [INFO] IPUIPlugin:80 - create IPUIPlugin
2025-06-20 15:24:44,129 [INFO] PluginManager:220 - loadIPPluginJar : add ltdc
2025-06-20 15:24:44,166 [INFO] IPUIPlugin:80 - create IPUIPlugin
2025-06-20 15:24:44,166 [INFO] PluginManager:220 - loadIPPluginJar : add mdma
2025-06-20 15:24:44,195 [INFO] IPUIPlugin:80 - create IPUIPlugin
2025-06-20 15:24:44,196 [INFO] PluginManager:220 - loadIPPluginJar : add nvic
2025-06-20 15:24:44,295 [INFO] IPUIPlugin:80 - create IPUIPlugin
2025-06-20 15:24:44,295 [INFO] PluginManager:220 - loadIPPluginJar : add opamp
2025-06-20 15:24:44,447 [INFO] IPUIPlugin:80 - create IPUIPlugin
2025-06-20 15:24:44,447 [INFO] PluginManager:220 - loadIPPluginJar : add openamp
2025-06-20 15:24:44,567 [INFO] IPUIPlugin:80 - create IPUIPlugin
2025-06-20 15:24:44,567 [INFO] PluginManager:220 - loadIPPluginJar : add pdm2pcm
2025-06-20 15:24:44,598 [INFO] IPUIPlugin:80 - create IPUIPlugin
2025-06-20 15:24:44,607 [INFO] PluginManager:220 - loadIPPluginJar : add plateformsettings
2025-06-20 15:24:44,658 [INFO] IPUIPlugin:80 - create IPUIPlugin
2025-06-20 15:24:44,658 [INFO] PluginManager:220 - loadIPPluginJar : add quadspi
2025-06-20 15:24:44,715 [INFO] IPUIPlugin:80 - create IPUIPlugin
2025-06-20 15:24:44,715 [INFO] PluginManager:220 - loadIPPluginJar : add radio
2025-06-20 15:24:44,753 [INFO] IPUIPlugin:80 - create IPUIPlugin
2025-06-20 15:24:44,753 [INFO] PluginManager:220 - loadIPPluginJar : add resmgrutility
2025-06-20 15:24:44,860 [INFO] IPUIPlugin:80 - create IPUIPlugin
2025-06-20 15:24:44,860 [INFO] PluginManager:220 - loadIPPluginJar : add sai
2025-06-20 15:24:44,966 [INFO] IPUIPlugin:80 - create IPUIPlugin
2025-06-20 15:24:44,966 [INFO] PluginManager:220 - loadIPPluginJar : add spi
2025-06-20 15:24:45,138 [INFO] IPUIPlugin:80 - create IPUIPlugin
2025-06-20 15:24:45,138 [INFO] PluginManager:220 - loadIPPluginJar : add stm32_wpan
2025-06-20 15:24:45,201 [INFO] IPUIPlugin:80 - create IPUIPlugin
2025-06-20 15:24:45,201 [INFO] PluginManager:220 - loadIPPluginJar : add tim
2025-06-20 15:24:45,357 [INFO] IPUIPlugin:80 - create IPUIPlugin
2025-06-20 15:24:45,357 [INFO] PluginManager:220 - loadIPPluginJar : add touchsensing
2025-06-20 15:24:45,404 [INFO] IPUIPlugin:80 - create IPUIPlugin
2025-06-20 15:24:45,404 [INFO] PluginManager:220 - loadIPPluginJar : add tracer_emb
2025-06-20 15:24:45,466 [INFO] IPUIPlugin:80 - create IPUIPlugin
2025-06-20 15:24:45,466 [INFO] PluginManager:220 - loadIPPluginJar : add ts
2025-06-20 15:24:45,533 [INFO] IPUIPlugin:80 - create IPUIPlugin
2025-06-20 15:24:45,533 [INFO] PluginManager:220 - loadIPPluginJar : add tsc
2025-06-20 15:24:45,580 [INFO] IPUIPlugin:80 - create IPUIPlugin
2025-06-20 15:24:45,580 [INFO] PluginManager:220 - loadIPPluginJar : add ucpd
2025-06-20 15:24:45,695 [INFO] IPUIPlugin:80 - create IPUIPlugin
2025-06-20 15:24:45,695 [INFO] PluginManager:220 - loadIPPluginJar : add usart
2025-06-20 15:24:45,814 [INFO] IPUIPlugin:80 - create IPUIPlugin
2025-06-20 15:24:45,814 [INFO] PluginManager:220 - loadIPPluginJar : add usbx
2025-06-20 15:24:46,002 [FATAL] Updater:351 - Updater called before beeing initialized
2025-06-20 15:24:46,049 [INFO] RulesReader:64 - Compatibility file has been processed (297 Rules)
2025-06-20 15:24:46,082 [INFO] RulesReader:64 - Compatibility file has been processed (297 Rules)
2025-06-20 15:24:46,098 [INFO] CADModel:165 - CPN selected for project level
2025-06-20 15:24:46,098 [INFO] CADModel:114 - Register for checkConnection events
2025-06-20 15:24:46,098 [FATAL] Updater:351 - Updater called before beeing initialized
2025-06-20 15:24:46,098 [ERROR] CADModel:125 - Updater not yet initialized, retry later 
2025-06-20 15:24:46,160 [INFO] ThirdPartyUpdaterWithRetryManager:70 - Updater plugin not ready yet. [3/15]
2025-06-20 15:24:46,388 [FATAL] Updater:351 - Updater called before beeing initialized
2025-06-20 15:24:46,393 [INFO] CADModel:165 - CPN selected for project level
2025-06-20 15:24:46,393 [INFO] CADModel:114 - Register for checkConnection events
2025-06-20 15:24:46,393 [FATAL] Updater:351 - Updater called before beeing initialized
2025-06-20 15:24:46,393 [ERROR] CADModel:125 - Updater not yet initialized, retry later 
2025-06-20 15:24:46,395 [FATAL] Updater:351 - Updater called before beeing initialized
2025-06-20 15:24:46,629 [FATAL] Updater:351 - Updater called before beeing initialized
2025-06-20 15:24:46,660 [INFO] DbMcusAds:53 - JSON generation date=Wed May 07 11:07:55 CEST 2025 (1746608875484)
2025-06-20 15:24:46,660 [FATAL] Updater:351 - Updater called before beeing initialized
2025-06-20 15:24:46,739 [WARN] DetailPanel:346 - Failed to get advertising image, set to default
2025-06-20 15:24:47,316 [FATAL] Updater:351 - Updater called before beeing initialized
2025-06-20 15:24:47,320 [FATAL] Updater:351 - Updater called before beeing initialized
2025-06-20 15:24:47,321 [FATAL] Updater:351 - Updater called before beeing initialized
2025-06-20 15:24:47,321 [WARN] DetailPanel:346 - Failed to get advertising image, set to default
2025-06-20 15:24:47,322 [FATAL] Updater:351 - Updater called before beeing initialized
2025-06-20 15:24:47,449 [ERROR] Updater:1198 - MainUpdater not yet initialized. External WinMGr cannot be set.
2025-06-20 15:24:47,465 [INFO] Updater:1134 - Updater Version found : 6.13.0
2025-06-20 15:24:47,499 [INFO] ApplicationProperties:184 - Using Application install path: C:\ST\STM32CubeIDE_1.17.0\STM32CubeIDE\plugins\com.st.stm32cube.common.mx_6.13.0.202411220809
2025-06-20 15:24:49,125 [ERROR] LogOutputStream:75 - [STDERR_REDIRECT] Jun 20, 2025 3:24:49 PM java.util.prefs.WindowsPreferences <init>
2025-06-20 15:24:49,141 [ERROR] LogOutputStream:75 - [STDERR_REDIRECT] WARNING: Could not open/create prefs root node Software\JavaSoft\Prefs at root 0xffffffff80000002. Windows RegCreateKeyEx(...) returned error code 5.
2025-06-20 15:24:49,141 [ERROR] LogOutputStream:75 - [STDERR_REDIRECT] 
2025-06-20 15:24:49,172 [FATAL] Updater:351 - Updater called before beeing initialized
2025-06-20 15:24:49,172 [ERROR] IntegrityCheckThread:130 - Cannot retrieve database content from updater: error 21
2025-06-20 15:24:49,172 [INFO] ThirdParty:978 - Integrity check success = false
2025-06-20 15:24:49,172 [INFO] IntegrityCheckThread:100 - exiting critical section [integrity check]
2025-06-20 15:24:49,172 [INFO] IntegrityCheckThread:103 - End integrity checks thread
2025-06-20 15:24:49,641 [INFO] MainUpdater:2872 - connection check result : 10
2025-06-20 15:24:49,641 [INFO] MainUpdater:289 - Updater Check For Update Now.
2025-06-20 15:24:49,641 [INFO] MicroXplorer:498 - Change Database Version : DB.6.0.130
2025-06-20 15:24:49,656 [INFO] McuFinderGlobals:63 - Set McuFinder mode to 2 (CubeIDE integrated)
2025-06-20 15:24:49,672 [INFO] UserAuth:486 - Internet connection configuration mode: 1
2025-06-20 15:24:49,719 [INFO] JxBrowserEngine:152 - Initiate JxBrowser Engine with user profile folder
2025-06-20 15:24:50,049 [INFO] CheckServerUpdateThread:120 - End of CheckServer Thread
2025-06-20 15:24:52,533 [INFO] WebApp:168 - Instantiating new browser for Auth
2025-06-20 15:24:54,229 [INFO] WebApp:449 - Apply proxy settings
2025-06-20 15:24:54,240 [INFO] WebApp:534 - Chromium requires no authentication
2025-06-20 15:24:54,258 [INFO] WebApp:477 - Direct internet connection detected
2025-06-20 15:24:54,321 [INFO] WebApp:880 - Register for checkConnection events
2025-06-20 15:24:54,322 [INFO] WebApp:449 - Apply proxy settings
2025-06-20 15:24:54,322 [INFO] WebApp:534 - Chromium requires no authentication
2025-06-20 15:24:54,323 [INFO] WebApp:477 - Direct internet connection detected
2025-06-20 15:24:54,521 [INFO] WebApp:187 - Connection restablished
2025-06-20 15:24:54,924 [INFO] WebApp:221 - Starting web application
2025-06-20 15:24:54,924 [INFO] WebApp:579 - Web application path used C:\ST\STM32CubeIDE_1.17.0\STM32CubeIDE\plugins\com.st.stm32cube.common.mx_6.13.0.202411220809\db\plugins\mcufinder\reactClient1\index.html
2025-06-20 15:24:55,418 [INFO] UserAuth:486 - Internet connection configuration mode: 1
2025-06-20 16:36:54,734 [INFO] WebApp:190 - Connection lost
2025-06-20 16:36:55,197 [INFO] WebApp:187 - Connection restablished
2025-06-20 20:53:30,816 [INFO] WebApp:190 - Connection lost
2025-06-20 20:53:30,907 [INFO] WebApp:187 - Connection restablished
2025-06-20 20:53:32,600 [INFO] WebApp:190 - Connection lost
2025-06-20 20:53:32,739 [INFO] WebApp:187 - Connection restablished
2025-06-20 20:53:35,713 [INFO] WebApp:190 - Connection lost
2025-06-20 20:53:35,829 [INFO] WebApp:187 - Connection restablished
2025-06-20 21:54:31,079 [INFO] WebApp:190 - Connection lost
2025-06-20 21:54:31,611 [INFO] WebApp:187 - Connection restablished
