2025-05-27 02:10:34,725 [ERROR] LogOutputStream:75 - [STDERR_REDIRECT] 
2025-05-27 23:03:00,848 [INFO] Activator:176 - 


2025-05-27 23:03:00,851 [INFO] Activator:177 - !SESSION log4j initialized
2025-05-27 23:03:10,113 [INFO] LogOutputStream:77 - [STDOUT_REDIRECT] 
2025-05-27 23:03:12,089 [INFO] ApplicationProperties:184 - Using Application install path: C:\ST\STM32CubeIDE_1.17.0\STM32CubeIDE\plugins\com.st.stm32cube.common.mx_6.13.0.202411220809
2025-05-27 23:03:12,111 [INFO] DbMcusXml:78 - Set database path to: C:\ST\STM32CubeIDE_1.17.0\STM32CubeIDE\plugins\com.st.stm32cube.common.mx_6.13.0.202411220809\\db\/mcu/
2025-05-27 23:03:12,112 [INFO] ApiDb:274 - Set plugin database path to: C:\ST\STM32CubeIDE_1.17.0\STM32CubeIDE\plugins\com.st.stm32cube.common.mx_6.13.0.202411220809\\db\/plugins/boardmanager/
2025-05-27 23:03:12,113 [WARN] ApiDb:259 - Overriding images path with different value:  => C:\ST\STM32CubeIDE_1.17.0\STM32CubeIDE\plugins\com.st.stm32cube.common.mx_6.13.0.202411220809\\db\/plugins/mcufinder/images/
2025-05-27 23:03:12,126 [INFO] ApiDb:250 - Set database path to: C:\Users\User\.stmcufinder\plugins\mcufinder//mcu/
2025-05-27 23:03:12,128 [INFO] DbMcusAds:125 - Set database path to: C:\Users\User\.stmcufinder\plugins\mcufinder//mcu/
2025-05-27 23:03:12,131 [INFO] CrossReferenceDbSqlite:203 - Set database path to: C:\Users\User\.stmcufinder\plugins\mcufinder//mcu/cs/
2025-05-27 23:03:12,334 [INFO] RulesReader:64 - Compatibility file has been processed (297 Rules)
2025-05-27 23:03:12,445 [INFO] DbMcusXml:78 - Set database path to: C:\ST\STM32CubeIDE_1.17.0\STM32CubeIDE\plugins\com.st.stm32cube.common.mx_6.13.0.202411220809\\db\/mcu/
2025-05-27 23:03:12,445 [INFO] ApiDb:274 - Set plugin database path to: C:\ST\STM32CubeIDE_1.17.0\STM32CubeIDE\plugins\com.st.stm32cube.common.mx_6.13.0.202411220809\\db\/plugins/boardmanager/
2025-05-27 23:03:12,445 [INFO] ApiDb:261 - Set plugin images path to: C:\ST\STM32CubeIDE_1.17.0\STM32CubeIDE\plugins\com.st.stm32cube.common.mx_6.13.0.202411220809\\db\/plugins/mcufinder/images/
2025-05-27 23:03:12,445 [WARN] DbFile:41 - Overriding database path with different value: C:\Users\User\.stmcufinder\plugins\mcufinder/ => C:\Users\User\.stmcufinder\plugins\mcufinder
2025-05-27 23:03:12,446 [INFO] ApiDb:250 - Set database path to: C:\Users\User\.stmcufinder\plugins\mcufinder//mcu/
2025-05-27 23:03:12,446 [WARN] DbFile:41 - Overriding database path with different value: C:\Users\User\.stmcufinder\plugins\mcufinder/ => C:\Users\User\.stmcufinder\plugins\mcufinder
2025-05-27 23:03:12,446 [INFO] DbMcusAds:125 - Set database path to: C:\Users\User\.stmcufinder\plugins\mcufinder//mcu/
2025-05-27 23:03:12,446 [WARN] DbFile:41 - Overriding database path with different value: C:\Users\User\.stmcufinder\plugins\mcufinder/ => C:\Users\User\.stmcufinder\plugins\mcufinder
2025-05-27 23:03:12,446 [WARN] DbFile:41 - Overriding database path with different value: C:\Users\User\.stmcufinder\plugins\mcufinder/ => C:\Users\User\.stmcufinder\plugins\mcufinder
2025-05-27 23:03:12,446 [INFO] CrossReferenceDbSqlite:203 - Set database path to: C:\Users\User\.stmcufinder\plugins\mcufinder//mcu/cs/
2025-05-27 23:03:12,558 [INFO] MainPanel:272 - HeapMemory: 268435456
2025-05-27 23:03:12,699 [INFO] DbMcusXml:78 - Set database path to: C:\ST\STM32CubeIDE_1.17.0\STM32CubeIDE\plugins\com.st.stm32cube.common.mx_6.13.0.202411220809\\db\/mcu/
2025-05-27 23:03:12,699 [INFO] ApiDb:274 - Set plugin database path to: C:\ST\STM32CubeIDE_1.17.0\STM32CubeIDE\plugins\com.st.stm32cube.common.mx_6.13.0.202411220809\\db\/plugins/boardmanager/
2025-05-27 23:03:12,699 [INFO] ApiDb:261 - Set plugin images path to: C:\ST\STM32CubeIDE_1.17.0\STM32CubeIDE\plugins\com.st.stm32cube.common.mx_6.13.0.202411220809\\db\/plugins/mcufinder/images/
2025-05-27 23:03:12,700 [WARN] DbFile:41 - Overriding database path with different value: C:\Users\User\.stmcufinder\plugins\mcufinder/ => C:\Users\User\.stmcufinder\plugins\mcufinder
2025-05-27 23:03:12,700 [INFO] ApiDb:250 - Set database path to: C:\Users\User\.stmcufinder\plugins\mcufinder//mcu/
2025-05-27 23:03:12,700 [WARN] DbFile:41 - Overriding database path with different value: C:\Users\User\.stmcufinder\plugins\mcufinder/ => C:\Users\User\.stmcufinder\plugins\mcufinder
2025-05-27 23:03:12,700 [INFO] DbMcusAds:125 - Set database path to: C:\Users\User\.stmcufinder\plugins\mcufinder//mcu/
2025-05-27 23:03:12,700 [WARN] DbFile:41 - Overriding database path with different value: C:\Users\User\.stmcufinder\plugins\mcufinder/ => C:\Users\User\.stmcufinder\plugins\mcufinder
2025-05-27 23:03:12,701 [WARN] DbFile:41 - Overriding database path with different value: C:\Users\User\.stmcufinder\plugins\mcufinder/ => C:\Users\User\.stmcufinder\plugins\mcufinder
2025-05-27 23:03:12,701 [INFO] CrossReferenceDbSqlite:203 - Set database path to: C:\Users\User\.stmcufinder\plugins\mcufinder//mcu/cs/
2025-05-27 23:03:12,724 [INFO] ApplicationProperties:184 - Using Application install path: C:\ST\STM32CubeIDE_1.17.0\STM32CubeIDE\plugins\com.st.stm32cube.common.mx_6.13.0.202411220809
2025-05-27 23:03:12,726 [INFO] PluginManage:196 - Search for loadable plugins [exclusion list=, ]
2025-05-27 23:03:12,728 [INFO] PluginManage:310 - Check plugin analytics
2025-05-27 23:03:13,081 [INFO] AnalyticsPlugin:253 - Accepted Software Licenses: 
2025-05-27 23:03:13,081 [INFO] AnalyticsPlugin:255 - Accepted CMSIS Pack Licenses: 
2025-05-27 23:03:13,081 [INFO] AnalyticsPlugin:257 - Accepted Firmware Licenses: FW.F4.1.28.0
2025-05-27 23:03:13,086 [INFO] PluginManage:359 - Loaded plugin analytics (category:tool,tabindex:-1)
2025-05-27 23:03:13,087 [INFO] PluginManage:310 - Check plugin cadmodel
2025-05-27 23:03:13,133 [INFO] CADModel:105 - Init CAD model plugin
2025-05-27 23:03:13,133 [INFO] PluginManage:359 - Loaded plugin cadmodel (category:power,tabindex:5)
2025-05-27 23:03:13,134 [INFO] PluginManage:310 - Check plugin clock
2025-05-27 23:03:13,179 [INFO] PluginManage:359 - Loaded plugin clock (category:base,tabindex:2)
2025-05-27 23:03:13,179 [INFO] PluginManage:310 - Check plugin ddr
2025-05-27 23:03:13,184 [INFO] PluginManage:359 - Loaded plugin ddr (category:tool,tabindex:6)
2025-05-27 23:03:13,184 [INFO] PluginManage:310 - Check plugin filemanager
2025-05-27 23:03:13,598 [INFO] PluginManage:359 - Loaded plugin filemanager (category:base,tabindex:10)
2025-05-27 23:03:13,599 [INFO] PluginManage:310 - Check plugin ipmanager
2025-05-27 23:03:13,611 [INFO] PluginManage:359 - Loaded plugin ipmanager (category:base,tabindex:5)
2025-05-27 23:03:13,611 [INFO] PluginManage:310 - Check plugin lpbam
2025-05-27 23:03:13,656 [INFO] PluginManage:359 - Loaded plugin lpbam (category:base,tabindex:0)
2025-05-27 23:03:13,656 [INFO] PluginManage:310 - Check plugin memorymap
2025-05-27 23:03:13,707 [INFO] PluginManage:359 - Loaded plugin memorymap (category:base,tabindex:4)
2025-05-27 23:03:13,707 [INFO] PluginManage:310 - Check plugin pinoutandconfiguration
2025-05-27 23:03:13,748 [INFO] PluginManage:359 - Loaded plugin pinoutandconfiguration (category:base,tabindex:1)
2025-05-27 23:03:13,748 [INFO] PluginManage:310 - Check plugin pinoutconfig
2025-05-27 23:03:13,926 [WARN] SupportedApi:132 - Cannot load RTOS API schema: s4s-elt-must-match.1: The content of 'definitions' must match (annotation?, (simpleType | complexType)?, (unique | key | keyref)*)). A problem was found starting at: attribute.
2025-05-27 23:03:14,182 [INFO] PluginManage:359 - Loaded plugin pinoutconfig (category:base,tabindex:0)
2025-05-27 23:03:14,182 [INFO] PluginManage:310 - Check plugin power
2025-05-27 23:03:14,223 [INFO] PluginManage:359 - Loaded plugin power (category:power,tabindex:4)
2025-05-27 23:03:14,224 [INFO] PluginManage:310 - Check plugin projectmanager
2025-05-27 23:03:14,252 [INFO] PluginManage:359 - Loaded plugin projectmanager (category:projectmanager,tabindex:4)
2025-05-27 23:03:14,252 [INFO] PluginManage:310 - Check plugin rif
2025-05-27 23:03:14,291 [INFO] PluginManage:359 - Loaded plugin rif (category:base,tabindex:3)
2025-05-27 23:03:14,292 [INFO] PluginManage:310 - Check plugin thirdparty
2025-05-27 23:03:14,801 [INFO] PluginManage:359 - Loaded plugin thirdparty (category:base,tabindex:-1)
2025-05-27 23:03:14,802 [INFO] PluginManage:310 - Check plugin tools
2025-05-27 23:03:14,801 [WARN] IntegrityCheckThread:84 - waiting for thirdparty lock release [integrity check]
2025-05-27 23:03:14,807 [INFO] IntegrityCheckThread:86 - entering critical section [integrity check]
2025-05-27 23:03:14,807 [INFO] ThirdPartyUpdaterWithRetryManager:70 - Updater plugin not ready yet. [1/15]
2025-05-27 23:03:14,864 [INFO] PluginManage:359 - Loaded plugin tools (category:base,tabindex:7)
2025-05-27 23:03:14,865 [INFO] PluginManage:310 - Check plugin tutovideos
2025-05-27 23:03:15,133 [INFO] PluginManage:359 - Loaded plugin tutovideos (category:base,tabindex:-1)
2025-05-27 23:03:15,134 [INFO] PluginManage:310 - Check plugin updater
2025-05-27 23:03:15,169 [INFO] PluginManage:359 - Loaded plugin updater (category:base,tabindex:12)
2025-05-27 23:03:15,169 [INFO] PluginManage:310 - Check plugin userauth
2025-05-27 23:03:15,175 [INFO] UserAuth:118 - Init User Auth plugin
2025-05-27 23:03:15,176 [INFO] PluginManage:359 - Loaded plugin userauth (category:base,tabindex:14)
2025-05-27 23:03:15,177 [INFO] PluginManage:283 - PluginManage : Loaded plugins [18]
2025-05-27 23:03:15,482 [INFO] PinOutPanel:1589 - setPackage(No Configuration,No Configuration)
2025-05-27 23:03:15,597 [INFO] CADModel:165 - CPN selected for project level
2025-05-27 23:03:15,597 [INFO] CADModel:114 - Register for checkConnection events
2025-05-27 23:03:15,636 [INFO] IPUIPlugin:80 - create IPUIPlugin
2025-05-27 23:03:15,636 [INFO] PluginManager:220 - loadIPPluginJar : add adc
2025-05-27 23:03:15,717 [INFO] IPUIPlugin:80 - create IPUIPlugin
2025-05-27 23:03:15,718 [INFO] PluginManager:220 - loadIPPluginJar : add aes
2025-05-27 23:03:15,805 [INFO] IPUIPlugin:80 - create IPUIPlugin
2025-05-27 23:03:15,805 [INFO] PluginManager:220 - loadIPPluginJar : add can
2025-05-27 23:03:15,847 [INFO] IPUIPlugin:80 - create IPUIPlugin
2025-05-27 23:03:15,848 [INFO] PluginManager:220 - loadIPPluginJar : add comp
2025-05-27 23:03:15,905 [INFO] IPUIPlugin:80 - create IPUIPlugin
2025-05-27 23:03:15,905 [INFO] PluginManager:220 - loadIPPluginJar : add cryp
2025-05-27 23:03:15,926 [INFO] IPUIPlugin:80 - create IPUIPlugin
2025-05-27 23:03:15,926 [INFO] PluginManager:220 - loadIPPluginJar : add ddr_ctrl_phy
2025-05-27 23:03:15,991 [INFO] IPUIPlugin:80 - create IPUIPlugin
2025-05-27 23:03:15,992 [INFO] PluginManager:220 - loadIPPluginJar : add dfsdm
2025-05-27 23:03:16,020 [INFO] IPUIPlugin:80 - create IPUIPlugin
2025-05-27 23:03:16,021 [INFO] PluginManager:220 - loadIPPluginJar : add dma
2025-05-27 23:03:16,086 [INFO] IPUIPlugin:80 - create IPUIPlugin
2025-05-27 23:03:16,086 [INFO] PluginManager:220 - loadIPPluginJar : add dma3
2025-05-27 23:03:16,158 [INFO] IPUIPlugin:80 - create IPUIPlugin
2025-05-27 23:03:16,158 [INFO] PluginManager:220 - loadIPPluginJar : add extmemmanager
2025-05-27 23:03:16,196 [INFO] IPUIPlugin:80 - create IPUIPlugin
2025-05-27 23:03:16,196 [INFO] PluginManager:220 - loadIPPluginJar : add fatfs
2025-05-27 23:03:16,273 [INFO] IPUIPlugin:80 - create IPUIPlugin
2025-05-27 23:03:16,273 [INFO] PluginManager:220 - loadIPPluginJar : add fmc
2025-05-27 23:03:16,295 [INFO] IPUIPlugin:80 - create IPUIPlugin
2025-05-27 23:03:16,296 [INFO] PluginManager:220 - loadIPPluginJar : add freertos
2025-05-27 23:03:16,330 [INFO] IPUIPlugin:80 - create IPUIPlugin
2025-05-27 23:03:16,330 [INFO] PluginManager:220 - loadIPPluginJar : add genericplugin
2025-05-27 23:03:16,493 [INFO] IPUIPlugin:80 - create IPUIPlugin
2025-05-27 23:03:16,493 [INFO] PluginManager:220 - loadIPPluginJar : add gfxmmu
2025-05-27 23:03:16,745 [INFO] IPUIPlugin:80 - create IPUIPlugin
2025-05-27 23:03:16,746 [INFO] PluginManager:220 - loadIPPluginJar : add gic
2025-05-27 23:03:16,771 [INFO] IPUIPlugin:80 - create IPUIPlugin
2025-05-27 23:03:16,771 [INFO] PluginManager:220 - loadIPPluginJar : add gpio
2025-05-27 23:03:16,927 [INFO] IPUIPlugin:80 - create IPUIPlugin
2025-05-27 23:03:16,927 [INFO] PluginManager:220 - loadIPPluginJar : add gtzc
2025-05-27 23:03:16,981 [INFO] IPUIPlugin:80 - create IPUIPlugin
2025-05-27 23:03:16,981 [INFO] PluginManager:220 - loadIPPluginJar : add hash
2025-05-27 23:03:17,070 [INFO] IPUIPlugin:80 - create IPUIPlugin
2025-05-27 23:03:17,070 [INFO] PluginManager:220 - loadIPPluginJar : add i2c
2025-05-27 23:03:17,131 [INFO] IPUIPlugin:80 - create IPUIPlugin
2025-05-27 23:03:17,131 [INFO] PluginManager:220 - loadIPPluginJar : add i2s
2025-05-27 23:03:17,197 [INFO] IPUIPlugin:80 - create IPUIPlugin
2025-05-27 23:03:17,197 [INFO] PluginManager:220 - loadIPPluginJar : add i3c
2025-05-27 23:03:17,495 [INFO] IPUIPlugin:80 - create IPUIPlugin
2025-05-27 23:03:17,496 [INFO] PluginManager:220 - loadIPPluginJar : add ipddr
2025-05-27 23:03:17,647 [INFO] IPUIPlugin:80 - create IPUIPlugin
2025-05-27 23:03:17,647 [INFO] PluginManager:220 - loadIPPluginJar : add linkedlist
2025-05-27 23:03:17,705 [INFO] IPUIPlugin:80 - create IPUIPlugin
2025-05-27 23:03:17,705 [INFO] PluginManager:220 - loadIPPluginJar : add lorawan
2025-05-27 23:03:17,772 [INFO] IPUIPlugin:80 - create IPUIPlugin
2025-05-27 23:03:17,772 [INFO] PluginManager:220 - loadIPPluginJar : add ltdc
2025-05-27 23:03:17,796 [INFO] IPUIPlugin:80 - create IPUIPlugin
2025-05-27 23:03:17,796 [INFO] PluginManager:220 - loadIPPluginJar : add mdma
2025-05-27 23:03:17,808 [INFO] ThirdPartyUpdaterWithRetryManager:70 - Updater plugin not ready yet. [2/15]
2025-05-27 23:03:17,816 [INFO] IPUIPlugin:80 - create IPUIPlugin
2025-05-27 23:03:17,816 [INFO] PluginManager:220 - loadIPPluginJar : add nvic
2025-05-27 23:03:17,882 [INFO] IPUIPlugin:80 - create IPUIPlugin
2025-05-27 23:03:17,882 [INFO] PluginManager:220 - loadIPPluginJar : add opamp
2025-05-27 23:03:18,009 [INFO] IPUIPlugin:80 - create IPUIPlugin
2025-05-27 23:03:18,009 [INFO] PluginManager:220 - loadIPPluginJar : add openamp
2025-05-27 23:03:18,091 [INFO] IPUIPlugin:80 - create IPUIPlugin
2025-05-27 23:03:18,091 [INFO] PluginManager:220 - loadIPPluginJar : add pdm2pcm
2025-05-27 23:03:18,114 [INFO] IPUIPlugin:80 - create IPUIPlugin
2025-05-27 23:03:18,118 [INFO] PluginManager:220 - loadIPPluginJar : add plateformsettings
2025-05-27 23:03:18,158 [INFO] IPUIPlugin:80 - create IPUIPlugin
2025-05-27 23:03:18,158 [INFO] PluginManager:220 - loadIPPluginJar : add quadspi
2025-05-27 23:03:18,201 [INFO] IPUIPlugin:80 - create IPUIPlugin
2025-05-27 23:03:18,202 [INFO] PluginManager:220 - loadIPPluginJar : add radio
2025-05-27 23:03:18,222 [INFO] IPUIPlugin:80 - create IPUIPlugin
2025-05-27 23:03:18,222 [INFO] PluginManager:220 - loadIPPluginJar : add resmgrutility
2025-05-27 23:03:18,296 [INFO] IPUIPlugin:80 - create IPUIPlugin
2025-05-27 23:03:18,297 [INFO] PluginManager:220 - loadIPPluginJar : add sai
2025-05-27 23:03:18,371 [INFO] IPUIPlugin:80 - create IPUIPlugin
2025-05-27 23:03:18,371 [INFO] PluginManager:220 - loadIPPluginJar : add spi
2025-05-27 23:03:18,495 [INFO] IPUIPlugin:80 - create IPUIPlugin
2025-05-27 23:03:18,495 [INFO] PluginManager:220 - loadIPPluginJar : add stm32_wpan
2025-05-27 23:03:18,546 [INFO] IPUIPlugin:80 - create IPUIPlugin
2025-05-27 23:03:18,546 [INFO] PluginManager:220 - loadIPPluginJar : add tim
2025-05-27 23:03:18,648 [INFO] IPUIPlugin:80 - create IPUIPlugin
2025-05-27 23:03:18,648 [INFO] PluginManager:220 - loadIPPluginJar : add touchsensing
2025-05-27 23:03:18,686 [INFO] IPUIPlugin:80 - create IPUIPlugin
2025-05-27 23:03:18,686 [INFO] PluginManager:220 - loadIPPluginJar : add tracer_emb
2025-05-27 23:03:18,724 [INFO] IPUIPlugin:80 - create IPUIPlugin
2025-05-27 23:03:18,724 [INFO] PluginManager:220 - loadIPPluginJar : add ts
2025-05-27 23:03:18,760 [INFO] IPUIPlugin:80 - create IPUIPlugin
2025-05-27 23:03:18,760 [INFO] PluginManager:220 - loadIPPluginJar : add tsc
2025-05-27 23:03:18,799 [INFO] IPUIPlugin:80 - create IPUIPlugin
2025-05-27 23:03:18,799 [INFO] PluginManager:220 - loadIPPluginJar : add ucpd
2025-05-27 23:03:18,875 [INFO] IPUIPlugin:80 - create IPUIPlugin
2025-05-27 23:03:18,875 [INFO] PluginManager:220 - loadIPPluginJar : add usart
2025-05-27 23:03:18,946 [INFO] IPUIPlugin:80 - create IPUIPlugin
2025-05-27 23:03:18,946 [INFO] PluginManager:220 - loadIPPluginJar : add usbx
2025-05-27 23:03:19,108 [FATAL] Updater:351 - Updater called before beeing initialized
2025-05-27 23:03:19,166 [INFO] RulesReader:64 - Compatibility file has been processed (297 Rules)
2025-05-27 23:03:19,191 [INFO] RulesReader:64 - Compatibility file has been processed (297 Rules)
2025-05-27 23:03:19,211 [INFO] CADModel:165 - CPN selected for project level
2025-05-27 23:03:19,212 [INFO] CADModel:114 - Register for checkConnection events
2025-05-27 23:03:19,212 [FATAL] Updater:351 - Updater called before beeing initialized
2025-05-27 23:03:19,212 [ERROR] CADModel:125 - Updater not yet initialized, retry later 
2025-05-27 23:03:19,452 [FATAL] Updater:351 - Updater called before beeing initialized
2025-05-27 23:03:19,455 [INFO] CADModel:165 - CPN selected for project level
2025-05-27 23:03:19,455 [INFO] CADModel:114 - Register for checkConnection events
2025-05-27 23:03:19,455 [FATAL] Updater:351 - Updater called before beeing initialized
2025-05-27 23:03:19,456 [ERROR] CADModel:125 - Updater not yet initialized, retry later 
2025-05-27 23:03:19,461 [FATAL] Updater:351 - Updater called before beeing initialized
2025-05-27 23:03:19,716 [FATAL] Updater:351 - Updater called before beeing initialized
2025-05-27 23:03:19,739 [INFO] DbMcusAds:53 - JSON generation date=Wed May 07 11:07:55 CEST 2025 (1746608875638)
2025-05-27 23:03:19,739 [FATAL] Updater:351 - Updater called before beeing initialized
2025-05-27 23:03:19,798 [WARN] DetailPanel:346 - Failed to get advertising image, set to default
2025-05-27 23:03:20,170 [FATAL] Updater:351 - Updater called before beeing initialized
2025-05-27 23:03:20,173 [FATAL] Updater:351 - Updater called before beeing initialized
2025-05-27 23:03:20,173 [FATAL] Updater:351 - Updater called before beeing initialized
2025-05-27 23:03:20,173 [WARN] DetailPanel:346 - Failed to get advertising image, set to default
2025-05-27 23:03:20,175 [FATAL] Updater:351 - Updater called before beeing initialized
2025-05-27 23:03:20,297 [ERROR] Updater:1198 - MainUpdater not yet initialized. External WinMGr cannot be set.
2025-05-27 23:03:20,311 [INFO] Updater:1134 - Updater Version found : 6.13.0
2025-05-27 23:03:20,336 [INFO] ApplicationProperties:184 - Using Application install path: C:\ST\STM32CubeIDE_1.17.0\STM32CubeIDE\plugins\com.st.stm32cube.common.mx_6.13.0.202411220809
2025-05-27 23:03:20,810 [INFO] ThirdPartyUpdaterWithRetryManager:70 - Updater plugin not ready yet. [3/15]
2025-05-27 23:03:21,951 [ERROR] LogOutputStream:75 - [STDERR_REDIRECT] May 27, 2025 11:03:21 PM java.util.prefs.WindowsPreferences <init>
2025-05-27 23:03:21,963 [ERROR] LogOutputStream:75 - [STDERR_REDIRECT] WARNING: Could not open/create prefs root node Software\JavaSoft\Prefs at root 0xffffffff80000002. Windows RegCreateKeyEx(...) returned error code 5.
2025-05-27 23:03:21,964 [ERROR] LogOutputStream:75 - [STDERR_REDIRECT] 
2025-05-27 23:03:22,483 [INFO] MainUpdater:2872 - connection check result : 10
2025-05-27 23:03:22,484 [INFO] MainUpdater:289 - Updater Check For Update Now.
2025-05-27 23:03:22,484 [INFO] MicroXplorer:498 - Change Database Version : DB.6.0.130
2025-05-27 23:03:22,514 [INFO] McuFinderGlobals:63 - Set McuFinder mode to 2 (CubeIDE integrated)
2025-05-27 23:03:22,536 [INFO] UserAuth:486 - Internet connection configuration mode: 1
2025-05-27 23:03:22,599 [INFO] JxBrowserEngine:152 - Initiate JxBrowser Engine with user profile folder
2025-05-27 23:03:22,951 [INFO] CheckServerUpdateThread:120 - End of CheckServer Thread
2025-05-27 23:03:25,203 [WARN] PackLoader:240 - Cannot read IP mode file for STMicroelectronics.FP-SNS-MOTENVWB1.1.4.0
2025-05-27 23:03:25,313 [WARN] PackLoader:240 - Cannot read IP mode file for STMicroelectronics.FP-ATR-ASTRA1.2.0.2
2025-05-27 23:03:25,338 [WARN] PackLoader:240 - Cannot read IP mode file for STMicroelectronics.FP-ATR-ASTRA1.2.0.1
2025-05-27 23:03:25,368 [WARN] PackLoader:240 - Cannot read IP mode file for STMicroelectronics.X-CUBE-SMBUS.2.1.0
2025-05-27 23:03:25,594 [WARN] PackLoader:240 - Cannot read IP mode file for STMicroelectronics.X-CUBE-WB05N.1.1.0
2025-05-27 23:03:25,632 [WARN] PackLoader:240 - Cannot read IP mode file for STMicroelectronics.X-CUBE-ST60.1.0.0
2025-05-27 23:03:25,852 [WARN] PackLoader:240 - Cannot read IP mode file for STMicroelectronics.X-CUBE-AZRTOS-F7.1.1.0
2025-05-27 23:03:25,900 [WARN] PackLoader:240 - Cannot read IP mode file for STMicroelectronics.FP-SNS-FLIGHT1.5.0.2
2025-05-27 23:03:26,139 [WARN] PackLoader:240 - Cannot read IP mode file for Infineon.AIROC-Wi-Fi-Bluetooth-STM32.1.7.0
2025-05-27 23:03:26,150 [INFO] WebApp:168 - Instantiating new browser for Auth
2025-05-27 23:03:26,277 [WARN] PackLoader:240 - Cannot read IP mode file for STMicroelectronics.X-CUBE-DISPLAY.3.0.0
2025-05-27 23:03:26,432 [WARN] PackLoader:240 - Cannot read IP mode file for STMicroelectronics.X-CUBE-BLE1.7.0.0
2025-05-27 23:03:26,465 [WARN] PackLoader:240 - Cannot read IP mode file for STMicroelectronics.X-CUBE-NFC10.1.0.0
2025-05-27 23:03:26,517 [WARN] PackLoader:240 - Cannot read IP mode file for STMicroelectronics.X-CUBE-BLEMGR.4.0.0
2025-05-27 23:03:26,693 [WARN] PackLoader:240 - Cannot read IP mode file for emotas.I-CUBE-CANOPEN.1.3.0
2025-05-27 23:03:26,724 [WARN] PackLoader:240 - Cannot read IP mode file for STMicroelectronics.X-CUBE-AI.10.0.0
2025-05-27 23:03:26,758 [WARN] PackLoader:240 - Cannot read IP mode file for STMicroelectronics.FP-SNS-SMARTAG2.1.2.0
2025-05-27 23:03:26,788 [WARN] PackLoader:240 - Cannot read IP mode file for STMicroelectronics.FP-SNS-FLIGHT1.5.1.0
2025-05-27 23:03:26,964 [WARN] PackLoader:240 - Cannot read IP mode file for STMicroelectronics.X-CUBE-MEMS1.11.1.0
2025-05-27 23:03:27,315 [INFO] LogOutputStream:77 - [STDOUT_REDIRECT] 1 : Invalid condition id : UX_CORESTACK_Condition cause : null
2025-05-27 23:03:27,317 [INFO] LogOutputStream:77 - [STDOUT_REDIRECT] 1 : Invalid condition id : UX_CORESTACK_Condition cause : null
2025-05-27 23:03:27,320 [INFO] LogOutputStream:77 - [STDOUT_REDIRECT] 1 : Invalid condition id : UX_CORESTACK_Condition cause : null
2025-05-27 23:03:27,322 [INFO] LogOutputStream:77 - [STDOUT_REDIRECT] 1 : Invalid condition id : UX_CORESTACK_Condition cause : null
2025-05-27 23:03:27,324 [INFO] LogOutputStream:77 - [STDOUT_REDIRECT] 1 : Invalid condition id : UX_CORESTACK_Condition cause : null
2025-05-27 23:03:27,329 [WARN] PackLoader:240 - Cannot read IP mode file for STMicroelectronics.X-CUBE-AZRTOS-WL.2.0.0
2025-05-27 23:03:27,357 [WARN] PackLoader:240 - Cannot read IP mode file for STMicroelectronics.FP-SNS-MOTENV1.5.0.0
2025-05-27 23:03:27,387 [WARN] PackLoader:240 - Cannot read IP mode file for wolfSSL.I-CUBE-wolfMQTT.1.19.0
2025-05-27 23:03:27,418 [WARN] PackLoader:240 - Cannot read IP mode file for WES.I-CUBE-Cesium.1.3.0
2025-05-27 23:03:27,453 [WARN] PackLoader:240 - Cannot read IP mode file for STMicroelectronics.X-CUBE-BLE2.3.3.0
2025-05-27 23:03:27,549 [WARN] PackLoader:240 - Cannot read IP mode file for STMicroelectronics.X-CUBE-NFC9.1.0.0
2025-05-27 23:03:27,600 [WARN] PackLoader:240 - Cannot read IP mode file for STMicroelectronics.X-CUBE-BLE1.7.1.0
2025-05-27 23:03:27,842 [WARN] PackLoader:240 - Cannot read IP mode file for STMicroelectronics.X-CUBE-MEMS1.11.2.0
2025-05-27 23:03:28,503 [WARN] PackLoader:240 - Cannot read IP mode file for STMicroelectronics.X-CUBE-AZRTOS-G0.1.1.0
2025-05-27 23:03:28,536 [WARN] PackLoader:240 - Cannot read IP mode file for STMicroelectronics.X-CUBE-SAFEA1.1.2.2
2025-05-27 23:03:28,635 [WARN] PackLoader:240 - Cannot read IP mode file for STMicroelectronics.X-CUBE-NFC4.3.0.0
2025-05-27 23:03:28,640 [INFO] WebApp:449 - Apply proxy settings
2025-05-27 23:03:28,641 [INFO] WebApp:534 - Chromium requires no authentication
2025-05-27 23:03:28,658 [INFO] WebApp:477 - Direct internet connection detected
2025-05-27 23:03:28,695 [WARN] PackLoader:240 - Cannot read IP mode file for EmbeddedOffice.I-CUBE-FS-RTOS.1.0.1
2025-05-27 23:03:28,979 [WARN] PackLoader:240 - Cannot read IP mode file for STMicroelectronics.X-CUBE-WB05N.2.0.0
2025-05-27 23:03:28,989 [INFO] WebApp:880 - Register for checkConnection events
2025-05-27 23:03:28,990 [INFO] WebApp:449 - Apply proxy settings
2025-05-27 23:03:28,991 [INFO] WebApp:534 - Chromium requires no authentication
2025-05-27 23:03:28,994 [INFO] WebApp:477 - Direct internet connection detected
2025-05-27 23:03:29,007 [WARN] PackLoader:240 - Cannot read IP mode file for STMicroelectronics.X-CUBE-TCPP.4.2.0
2025-05-27 23:03:29,071 [WARN] PackLoader:240 - Cannot read IP mode file for RealThread.X-CUBE-RT-Thread_Nano.4.1.1
2025-05-27 23:03:29,098 [WARN] PackLoader:240 - Cannot read IP mode file for STMicroelectronics.FP-ATR-SIGFOX1.3.2.0
2025-05-27 23:03:29,121 [WARN] ConditionMgr:438 - getConditionDescription Invalid condition id : Cortex-A Device cause : null
2025-05-27 23:03:29,183 [WARN] ConditionMgr:1044 - genDependencies : Invalid condition id : Cortex-A Device cause : null
2025-05-27 23:03:29,184 [WARN] ConditionMgr:1044 - genDependencies : Invalid condition id : Cortex-A Device cause : null
2025-05-27 23:03:29,184 [WARN] ConditionMgr:1044 - genDependencies : Invalid condition id : Cortex-A Device cause : null
2025-05-27 23:03:29,236 [WARN] PackLoader:240 - Cannot read IP mode file for STMicroelectronics.X-CUBE-EEPRMA1.5.1.0
2025-05-27 23:03:29,272 [WARN] PackLoader:240 - Cannot read IP mode file for wolfSSL.I-CUBE-wolfSSL.5.7.4
2025-05-27 23:03:29,348 [WARN] PackLoader:240 - Cannot read IP mode file for ITTIA_DB.I-CUBE-ITTIADB.8.9.0
2025-05-27 23:03:29,399 [INFO] WebApp:187 - Connection restablished
2025-05-27 23:03:29,750 [WARN] PackLoader:240 - Cannot read IP mode file for SEGGER.I-CUBE-embOS.1.3.1
2025-05-27 23:03:30,065 [WARN] PackLoader:240 - Cannot read IP mode file for STMicroelectronics.X-CUBE-ALGOBUILD.1.4.0
2025-05-27 23:03:30,088 [WARN] PackLoader:240 - Cannot read IP mode file for STMicroelectronics.X-CUBE-AI.9.1.0
2025-05-27 23:03:30,224 [WARN] PackLoader:240 - Cannot read IP mode file for STMicroelectronics.X-CUBE-AZRTOS-F4.1.1.0
2025-05-27 23:03:30,261 [WARN] PackLoader:240 - Cannot read IP mode file for Avnet-IotConnect.X-CUBE-IoTC-DA16k-PMOD.1.0.0
2025-05-27 23:03:30,285 [INFO] WebApp:221 - Starting web application
2025-05-27 23:03:30,286 [INFO] WebApp:579 - Web application path used C:\ST\STM32CubeIDE_1.17.0\STM32CubeIDE\plugins\com.st.stm32cube.common.mx_6.13.0.202411220809\db\plugins\mcufinder\reactClient1\index.html
2025-05-27 23:03:30,295 [WARN] PackLoader:240 - Cannot read IP mode file for STMicroelectronics.X-CUBE-ISPU.2.1.0
2025-05-27 23:03:30,428 [WARN] PackLoader:240 - Cannot read IP mode file for STMicroelectronics.X-CUBE-AZRTOS-L5.2.0.0
2025-05-27 23:03:30,646 [WARN] PackLoader:240 - Cannot read IP mode file for STMicroelectronics.X-CUBE-NFC6.3.1.0
2025-05-27 23:03:30,758 [WARN] PackLoader:240 - Cannot read IP mode file for STMicroelectronics.X-CUBE-DPower.1.2.0
2025-05-27 23:03:30,818 [INFO] UserAuth:486 - Internet connection configuration mode: 1
2025-05-27 23:03:30,971 [WARN] PackLoader:240 - Cannot read IP mode file for STMicroelectronics.X-CUBE-FREERTOS.1.3.1
2025-05-27 23:03:31,072 [WARN] PackLoader:240 - Cannot read IP mode file for STMicroelectronics.X-CUBE-FREERTOS.1.3.0
2025-05-27 23:03:31,123 [WARN] PackLoader:240 - Cannot read IP mode file for STMicroelectronics.X-CUBE-NFC7.1.0.1
2025-05-27 23:03:31,159 [WARN] PackLoader:240 - Cannot read IP mode file for STMicroelectronics.X-CUBE-DPower.1.3.0
2025-05-27 23:03:31,223 [WARN] ConditionMgr:438 - getConditionDescription Invalid condition id : LAN8742 Phy interface Condition cause : null
2025-05-27 23:03:31,224 [WARN] PackLoader:240 - Cannot read IP mode file for STMicroelectronics.X-CUBE-AZRTOS-L4.2.0.0
2025-05-27 23:03:31,225 [WARN] ConditionMgr:1044 - genDependencies : Invalid condition id : LAN8742 Phy interface Condition cause : null
2025-05-27 23:03:31,226 [WARN] ConditionMgr:1044 - genDependencies : Invalid condition id : LAN8742 Phy interface Condition cause : null
2025-05-27 23:03:31,227 [WARN] ConditionMgr:1044 - genDependencies : Invalid condition id : LAN8742 Phy interface Condition cause : null
2025-05-27 23:03:31,267 [WARN] PackLoader:240 - Cannot read IP mode file for STMicroelectronics.X-CUBE-SFXS2LP1.4.0.0
2025-05-27 23:03:31,370 [WARN] PackLoader:240 - Cannot read IP mode file for STMicroelectronics.X-CUBE-AZRTOS-H7.3.3.0
2025-05-27 23:03:31,451 [WARN] ConditionMgr:438 - getConditionDescription Invalid condition id : UX DEVICE CLASS RTOS Condition cause : null
2025-05-27 23:03:31,452 [WARN] ConditionMgr:438 - getConditionDescription Invalid condition id : UX DEVICE CLASS RTOS Condition cause : null
2025-05-27 23:03:31,457 [WARN] PackLoader:240 - Cannot read IP mode file for STMicroelectronics.X-CUBE-AZRTOS-WB.2.0.0
2025-05-27 23:03:31,458 [WARN] ConditionMgr:1044 - genDependencies : Invalid condition id : UX DEVICE CLASS RTOS Condition cause : null
2025-05-27 23:03:31,458 [WARN] ConditionMgr:1044 - genDependencies : Invalid condition id : UX DEVICE CLASS RTOS Condition cause : null
2025-05-27 23:03:31,459 [WARN] ConditionMgr:1044 - genDependencies : Invalid condition id : UX DEVICE CLASS RTOS Condition cause : null
2025-05-27 23:03:31,459 [WARN] ConditionMgr:1044 - genDependencies : Invalid condition id : UX DEVICE CLASS RTOS Condition cause : null
2025-05-27 23:03:31,460 [WARN] ConditionMgr:1044 - genDependencies : Invalid condition id : UX DEVICE CLASS RTOS Condition cause : null
2025-05-27 23:03:31,502 [WARN] PackLoader:240 - Cannot read IP mode file for STMicroelectronics.X-CUBE-GNSS1.7.0.1
2025-05-27 23:03:31,528 [WARN] PackLoader:240 - Cannot read IP mode file for STMicroelectronics.X-CUBE-TOUCHGFX.4.25.0
2025-05-27 23:03:31,571 [WARN] PackLoader:240 - Cannot read IP mode file for STMicroelectronics.FP-SNS-STBOX1.2.0.0
2025-05-27 23:03:31,608 [WARN] PackLoader:240 - Cannot read IP mode file for STMicroelectronics.X-CUBE-SUBG2.5.0.0
2025-05-27 23:03:31,673 [WARN] PackLoader:240 - Cannot read IP mode file for STMicroelectronics.X-CUBE-AZRTOS-H7RS.1.1.0
2025-05-27 23:03:31,700 [WARN] PackLoader:240 - Cannot read IP mode file for Cesanta.I-CUBE-Mongoose.7.13.0
2025-05-27 23:03:31,749 [WARN] PackLoader:240 - Cannot read IP mode file for STMicroelectronics.X-CUBE-AZRTOS-G4.2.0.0
2025-05-27 23:03:31,774 [WARN] PackLoader:240 - Cannot read IP mode file for STMicroelectronics.X-CUBE-NFC7.2.0.0
2025-05-27 23:03:31,812 [WARN] PackLoader:240 - Cannot read IP mode file for STMicroelectronics.X-CUBE-IPS.3.1.0
2025-05-27 23:03:31,853 [WARN] PackLoader:240 - Cannot read IP mode file for STMicroelectronics.X-CUBE-ALS.1.0.2
2025-05-27 23:03:31,878 [WARN] PackLoader:240 - Cannot read IP mode file for STMicroelectronics.X-CUBE-TOUCHGFX.4.24.2
2025-05-27 23:03:31,903 [WARN] PackLoader:240 - Cannot read IP mode file for wolfSSL.I-CUBE-wolfTPM.3.4.0
2025-05-27 23:03:31,935 [WARN] PackLoader:240 - Cannot read IP mode file for portGmbH.I-Cube-SoM-uGOAL.1.1.0
2025-05-27 23:03:31,987 [WARN] PackLoader:240 - Cannot read IP mode file for STMicroelectronics.X-CUBE-AZRTOS-H7RS.1.0.0
2025-05-27 23:03:32,035 [WARN] PackLoader:240 - Cannot read IP mode file for STMicroelectronics.X-CUBE-TOF1.3.4.2
2025-05-27 23:03:32,088 [WARN] PackLoader:240 - Cannot read IP mode file for STMicroelectronics.X-CUBE-TOF1.3.4.3
2025-05-27 23:03:32,125 [WARN] PackLoader:240 - Cannot read IP mode file for wolfSSL.I-CUBE-wolfSSH.1.4.17
2025-05-27 23:03:32,126 [INFO] ThirdParty:978 - Integrity check success = true
2025-05-27 23:03:32,126 [INFO] IntegrityCheckThread:100 - exiting critical section [integrity check]
2025-05-27 23:03:32,126 [INFO] IntegrityCheckThread:103 - End integrity checks thread
2025-05-27 23:25:47,596 [ERROR] LogOutputStream:75 - [STDERR_REDIRECT] 
2025-05-27 23:25:47,603 [ERROR] LogOutputStream:75 - [STDERR_REDIRECT] 
